TN:
SF:src/App.tsx
FN:5,(anonymous_0)
FN:6,(anonymous_1)
FN:7,(anonymous_2)
FN:8,(anonymous_3)
FN:9,(anonymous_4)
FN:10,(anonymous_5)
FN:11,(anonymous_6)
FN:12,(anonymous_7)
FN:25,App
FN:38,(anonymous_9)
FN:44,(anonymous_10)
FN:74,(anonymous_11)
FN:85,(anonymous_12)
FN:96,(anonymous_13)
FNF:14
FNH:3
FNDA:1,(anonymous_0)
FNDA:0,(anonymous_1)
FNDA:0,(anonymous_2)
FNDA:0,(anonymous_3)
FNDA:0,(anonymous_4)
FNDA:0,(anonymous_5)
FNDA:0,(anonymous_6)
FNDA:0,(anonymous_7)
FNDA:2,App
FNDA:16,(anonymous_9)
FNDA:0,(anonymous_10)
FNDA:0,(anonymous_11)
FNDA:0,(anonymous_12)
FNDA:0,(anonymous_13)
DA:5,1
DA:6,1
DA:7,1
DA:8,1
DA:9,1
DA:10,1
DA:11,1
DA:12,1
DA:14,1
DA:26,2
DA:27,2
DA:30,2
DA:39,16
DA:40,16
DA:44,0
DA:63,2
DA:74,0
DA:85,0
DA:96,0
LF:19
LH:15
BRDA:46,0,0,2
BRDA:46,0,1,14
BRDA:71,1,0,2
BRDA:71,1,1,0
BRDA:81,2,0,0
BRDA:81,2,1,2
BRF:6
BRH:4
end_of_record
TN:
SF:src/api.ts
FN:56,apiGet
FN:59,(anonymous_1)
FN:65,apiPost
FN:72,(anonymous_3)
FN:78,apiPatch
FN:85,(anonymous_5)
FN:91,apiDelete
FN:94,(anonymous_7)
FN:191,(anonymous_8)
FN:199,(anonymous_9)
FN:200,(anonymous_10)
FN:202,(anonymous_11)
FN:204,(anonymous_12)
FN:206,(anonymous_13)
FN:208,(anonymous_14)
FN:210,(anonymous_15)
FN:212,(anonymous_16)
FN:214,(anonymous_17)
FN:216,(anonymous_18)
FN:218,(anonymous_19)
FN:219,(anonymous_20)
FN:221,(anonymous_21)
FN:223,(anonymous_22)
FN:231,(anonymous_23)
FN:233,(anonymous_24)
FN:238,(anonymous_25)
FN:255,(anonymous_26)
FN:258,(anonymous_27)
FN:259,(anonymous_28)
FN:260,(anonymous_29)
FN:262,(anonymous_30)
FN:264,(anonymous_31)
FN:266,(anonymous_32)
FN:269,(anonymous_33)
FN:278,(anonymous_34)
FN:287,(anonymous_35)
FN:288,(anonymous_36)
FN:289,(anonymous_37)
FN:292,(anonymous_38)
FN:296,(anonymous_39)
FN:297,(anonymous_40)
FN:299,(anonymous_41)
FN:301,(anonymous_42)
FN:307,(anonymous_43)
FN:308,(anonymous_44)
FN:309,(anonymous_45)
FN:311,(anonymous_46)
FN:313,(anonymous_47)
FN:315,(anonymous_48)
FN:317,(anonymous_49)
FN:323,(anonymous_50)
FN:324,(anonymous_51)
FN:326,(anonymous_52)
FN:328,(anonymous_53)
FN:330,(anonymous_54)
FN:332,(anonymous_55)
FN:336,(anonymous_56)
FN:337,(anonymous_57)
FN:338,(anonymous_58)
FN:340,(anonymous_59)
FN:342,(anonymous_60)
FN:346,(anonymous_61)
FN:348,(anonymous_62)
FN:350,(anonymous_63)
FN:354,(anonymous_64)
FN:356,(anonymous_65)
FN:358,(anonymous_66)
FN:360,(anonymous_67)
FN:362,(anonymous_68)
FNF:69
FNH:0
FNDA:0,apiGet
FNDA:0,(anonymous_1)
FNDA:0,apiPost
FNDA:0,(anonymous_3)
FNDA:0,apiPatch
FNDA:0,(anonymous_5)
FNDA:0,apiDelete
FNDA:0,(anonymous_7)
FNDA:0,(anonymous_8)
FNDA:0,(anonymous_9)
FNDA:0,(anonymous_10)
FNDA:0,(anonymous_11)
FNDA:0,(anonymous_12)
FNDA:0,(anonymous_13)
FNDA:0,(anonymous_14)
FNDA:0,(anonymous_15)
FNDA:0,(anonymous_16)
FNDA:0,(anonymous_17)
FNDA:0,(anonymous_18)
FNDA:0,(anonymous_19)
FNDA:0,(anonymous_20)
FNDA:0,(anonymous_21)
FNDA:0,(anonymous_22)
FNDA:0,(anonymous_23)
FNDA:0,(anonymous_24)
FNDA:0,(anonymous_25)
FNDA:0,(anonymous_26)
FNDA:0,(anonymous_27)
FNDA:0,(anonymous_28)
FNDA:0,(anonymous_29)
FNDA:0,(anonymous_30)
FNDA:0,(anonymous_31)
FNDA:0,(anonymous_32)
FNDA:0,(anonymous_33)
FNDA:0,(anonymous_34)
FNDA:0,(anonymous_35)
FNDA:0,(anonymous_36)
FNDA:0,(anonymous_37)
FNDA:0,(anonymous_38)
FNDA:0,(anonymous_39)
FNDA:0,(anonymous_40)
FNDA:0,(anonymous_41)
FNDA:0,(anonymous_42)
FNDA:0,(anonymous_43)
FNDA:0,(anonymous_44)
FNDA:0,(anonymous_45)
FNDA:0,(anonymous_46)
FNDA:0,(anonymous_47)
FNDA:0,(anonymous_48)
FNDA:0,(anonymous_49)
FNDA:0,(anonymous_50)
FNDA:0,(anonymous_51)
FNDA:0,(anonymous_52)
FNDA:0,(anonymous_53)
FNDA:0,(anonymous_54)
FNDA:0,(anonymous_55)
FNDA:0,(anonymous_56)
FNDA:0,(anonymous_57)
FNDA:0,(anonymous_58)
FNDA:0,(anonymous_59)
FNDA:0,(anonymous_60)
FNDA:0,(anonymous_61)
FNDA:0,(anonymous_62)
FNDA:0,(anonymous_63)
FNDA:0,(anonymous_64)
FNDA:0,(anonymous_65)
FNDA:0,(anonymous_66)
FNDA:0,(anonymous_67)
FNDA:0,(anonymous_68)
DA:54,1
DA:57,0
DA:58,0
DA:59,0
DA:60,0
DA:62,0
DA:66,0
DA:71,0
DA:72,0
DA:73,0
DA:75,0
DA:79,0
DA:84,0
DA:85,0
DA:86,0
DA:88,0
DA:92,0
DA:93,0
DA:94,0
DA:95,0
DA:97,0
DA:189,1
DA:192,0
DA:193,0
DA:194,0
DA:195,0
DA:196,0
DA:197,0
DA:199,0
DA:201,0
DA:203,0
DA:205,0
DA:207,0
DA:209,0
DA:211,0
DA:213,0
DA:215,0
DA:217,0
DA:218,0
DA:220,0
DA:222,0
DA:224,0
DA:225,0
DA:226,0
DA:227,0
DA:228,0
DA:232,0
DA:234,0
DA:243,0
DA:244,0
DA:245,0
DA:246,0
DA:247,0
DA:248,0
DA:249,0
DA:250,0
DA:251,0
DA:252,0
DA:253,0
DA:255,0
DA:258,0
DA:259,0
DA:261,0
DA:263,0
DA:265,0
DA:266,0
DA:270,0
DA:271,0
DA:272,0
DA:273,0
DA:274,0
DA:278,0
DA:287,0
DA:288,0
DA:289,0
DA:293,0
DA:294,0
DA:296,0
DA:298,0
DA:300,0
DA:302,0
DA:307,0
DA:308,0
DA:310,0
DA:312,0
DA:314,0
DA:316,0
DA:318,0
DA:319,0
DA:323,0
DA:325,0
DA:327,0
DA:329,0
DA:331,0
DA:333,0
DA:336,0
DA:337,0
DA:339,0
DA:341,0
DA:343,0
DA:347,0
DA:349,0
DA:351,0
DA:355,0
DA:357,0
DA:359,0
DA:361,0
DA:363,0
LF:108
LH:2
BRDA:58,0,0,0
BRDA:58,0,1,0
BRDA:69,1,0,0
BRDA:69,1,1,0
BRDA:71,2,0,0
BRDA:71,2,1,0
BRDA:84,3,0,0
BRDA:84,3,1,0
BRDA:93,4,0,0
BRDA:93,4,1,0
BRDA:193,5,0,0
BRDA:193,5,1,0
BRDA:194,6,0,0
BRDA:194,6,1,0
BRDA:195,7,0,0
BRDA:195,7,1,0
BRDA:197,8,0,0
BRDA:197,8,1,0
BRDA:225,9,0,0
BRDA:225,9,1,0
BRDA:226,10,0,0
BRDA:226,10,1,0
BRDA:227,11,0,0
BRDA:227,11,1,0
BRDA:244,12,0,0
BRDA:244,12,1,0
BRDA:245,13,0,0
BRDA:245,13,1,0
BRDA:246,14,0,0
BRDA:246,14,1,0
BRDA:247,15,0,0
BRDA:247,15,1,0
BRDA:248,16,0,0
BRDA:248,16,1,0
BRDA:249,17,0,0
BRDA:249,17,1,0
BRDA:250,18,0,0
BRDA:250,18,1,0
BRDA:251,19,0,0
BRDA:251,19,1,0
BRDA:253,20,0,0
BRDA:253,20,1,0
BRDA:271,21,0,0
BRDA:271,21,1,0
BRDA:272,22,0,0
BRDA:272,22,1,0
BRDA:274,23,0,0
BRDA:274,23,1,0
BRDA:287,24,0,0
BRDA:287,24,1,0
BRDA:293,25,0,0
BRDA:293,25,1,0
BRDA:303,26,0,0
BRDA:303,26,1,0
BRDA:303,27,0,0
BRDA:303,27,1,0
BRDA:303,28,0,0
BRDA:303,28,1,0
BRDA:318,29,0,0
BRDA:318,29,1,0
BRDA:349,30,0,0
BRDA:349,30,1,0
BRF:62
BRH:0
end_of_record
TN:
SF:src/main.tsx
FNF:0
FNH:0
DA:7,0
LF:1
LH:0
BRF:0
BRH:0
end_of_record
TN:
SF:src/components/ListView.tsx
FN:48,ListView
FN:56,(anonymous_1)
FN:58,(anonymous_2)
FN:65,(anonymous_3)
FN:72,(anonymous_4)
FN:74,(anonymous_5)
FN:121,(anonymous_6)
FN:129,(anonymous_7)
FN:137,(anonymous_8)
FN:145,(anonymous_9)
FN:153,(anonymous_10)
FN:179,(anonymous_11)
FN:187,(anonymous_12)
FN:190,(anonymous_13)
FN:197,(anonymous_14)
FN:260,(anonymous_15)
FN:283,(anonymous_16)
FN:299,(anonymous_17)
FN:309,(anonymous_18)
FN:316,(anonymous_19)
FN:326,(anonymous_20)
FN:335,(anonymous_21)
FN:359,(anonymous_22)
FN:386,(anonymous_23)
FNF:24
FNH:0
FNDA:0,ListView
FNDA:0,(anonymous_1)
FNDA:0,(anonymous_2)
FNDA:0,(anonymous_3)
FNDA:0,(anonymous_4)
FNDA:0,(anonymous_5)
FNDA:0,(anonymous_6)
FNDA:0,(anonymous_7)
FNDA:0,(anonymous_8)
FNDA:0,(anonymous_9)
FNDA:0,(anonymous_10)
FNDA:0,(anonymous_11)
FNDA:0,(anonymous_12)
FNDA:0,(anonymous_13)
FNDA:0,(anonymous_14)
FNDA:0,(anonymous_15)
FNDA:0,(anonymous_16)
FNDA:0,(anonymous_17)
FNDA:0,(anonymous_18)
FNDA:0,(anonymous_19)
FNDA:0,(anonymous_20)
FNDA:0,(anonymous_21)
FNDA:0,(anonymous_22)
FNDA:0,(anonymous_23)
DA:32,0
DA:34,0
DA:41,0
DA:53,0
DA:54,0
DA:56,0
DA:57,0
DA:58,0
DA:60,0
DA:61,0
DA:65,0
DA:66,0
DA:67,0
DA:72,0
DA:73,0
DA:74,0
DA:75,0
DA:76,0
DA:78,0
DA:79,0
DA:81,0
DA:82,0
DA:83,0
DA:86,0
DA:87,0
DA:89,0
DA:90,0
DA:92,0
DA:93,0
DA:95,0
DA:96,0
DA:98,0
DA:100,0
DA:103,0
DA:105,0
DA:107,0
DA:121,0
DA:129,0
DA:137,0
DA:145,0
DA:153,0
DA:179,0
DA:188,0
DA:190,0
DA:197,0
DA:261,0
DA:283,0
DA:299,0
DA:309,0
DA:316,0
DA:326,0
DA:335,0
DA:359,0
DA:386,0
LF:54
LH:0
BRDA:57,0,0,0
BRDA:57,0,1,0
BRDA:58,1,0,0
BRDA:58,1,1,0
BRDA:66,2,0,0
BRDA:66,2,1,0
BRDA:67,3,0,0
BRDA:67,3,1,0
BRDA:76,4,0,0
BRDA:76,4,1,0
BRDA:76,4,2,0
BRDA:76,4,3,0
BRDA:76,4,4,0
BRDA:76,4,5,0
BRDA:86,5,0,0
BRDA:86,5,1,0
BRDA:86,6,0,0
BRDA:86,6,1,0
BRDA:89,7,0,0
BRDA:89,7,1,0
BRDA:89,8,0,0
BRDA:89,8,1,0
BRDA:98,9,0,0
BRDA:98,9,1,0
BRDA:114,10,0,0
BRDA:114,10,1,0
BRDA:177,11,0,0
BRDA:177,11,1,0
BRDA:177,12,0,0
BRDA:177,12,1,0
BRDA:180,13,0,0
BRDA:180,13,1,0
BRDA:182,14,0,0
BRDA:182,14,1,0
BRDA:194,15,0,0
BRDA:194,15,1,0
BRDA:200,16,0,0
BRDA:200,16,1,0
BRDA:210,17,0,0
BRDA:210,17,1,0
BRDA:211,18,0,0
BRDA:211,18,1,0
BRDA:219,19,0,0
BRDA:219,19,1,0
BRDA:224,20,0,0
BRDA:224,20,1,0
BRDA:234,21,0,0
BRDA:234,21,1,0
BRDA:241,22,0,0
BRDA:241,22,1,0
BRDA:250,23,0,0
BRDA:250,23,1,0
BRDA:260,24,0,0
BRDA:260,24,1,0
BRDA:267,25,0,0
BRDA:267,25,1,0
BRDA:268,26,0,0
BRDA:268,26,1,0
BRDA:270,27,0,0
BRDA:270,27,1,0
BRDA:278,28,0,0
BRDA:278,28,1,0
BRDA:297,29,0,0
BRDA:297,29,1,0
BRDA:306,30,0,0
BRDA:306,30,1,0
BRDA:324,31,0,0
BRDA:324,31,1,0
BRDA:333,32,0,0
BRDA:333,32,1,0
BRDA:352,33,0,0
BRDA:352,33,1,0
BRDA:352,33,2,0
BRF:73
BRH:0
end_of_record
TN:
SF:src/components/Skeleton.tsx
FN:1,CardSkeleton
FN:22,CompactCardSkeleton
FN:31,TableRowSkeleton
FN:46,ColumnSkeleton
FN:53,(anonymous_4)
FN:60,ListViewSkeleton
FN:85,(anonymous_6)
FN:93,KanbanBoardSkeleton
FN:105,(anonymous_8)
FNF:9
FNH:9
FNDA:22,CardSkeleton
FNDA:1,CompactCardSkeleton
FNDA:10,TableRowSkeleton
FNDA:5,ColumnSkeleton
FNDA:21,(anonymous_4)
FNDA:1,ListViewSkeleton
FNDA:8,(anonymous_6)
FNDA:1,KanbanBoardSkeleton
FNDA:4,(anonymous_8)
DA:2,22
DA:23,1
DA:32,10
DA:47,5
DA:54,21
DA:61,1
DA:86,8
DA:94,1
DA:106,4
LF:9
LH:9
BRDA:46,0,0,5
BRDA:106,1,0,2
BRDA:106,1,1,2
BRF:3
BRH:3
end_of_record
TN:
SF:src/hooks/useLazyLoad.ts
FN:16,useLazyLoad
FN:31,(anonymous_1)
FN:35,(anonymous_2)
FN:41,(anonymous_3)
FN:45,(anonymous_4)
FN:52,(anonymous_5)
FN:55,(anonymous_6)
FN:59,(anonymous_7)
FN:69,usePagination
FN:83,(anonymous_9)
FN:84,(anonymous_10)
FN:87,(anonymous_11)
FN:88,(anonymous_12)
FN:91,(anonymous_13)
FN:99,(anonymous_14)
FNF:15
FNH:7
FNDA:0,useLazyLoad
FNDA:0,(anonymous_1)
FNDA:0,(anonymous_2)
FNDA:0,(anonymous_3)
FNDA:0,(anonymous_4)
FNDA:0,(anonymous_5)
FNDA:0,(anonymous_6)
FNDA:0,(anonymous_7)
FNDA:13,usePagination
FNDA:4,(anonymous_9)
FNDA:4,(anonymous_10)
FNDA:1,(anonymous_11)
FNDA:1,(anonymous_12)
FNDA:1,(anonymous_13)
FNDA:7,(anonymous_14)
DA:26,0
DA:27,0
DA:28,0
DA:31,0
DA:32,0
DA:35,0
DA:36,0
DA:38,0
DA:39,0
DA:41,0
DA:43,0
DA:44,0
DA:45,0
DA:51,0
DA:52,0
DA:55,0
DA:56,0
DA:59,0
DA:60,0
DA:63,0
DA:73,13
DA:75,13
DA:76,13
DA:77,13
DA:78,13
DA:79,13
DA:80,13
DA:81,13
DA:83,13
DA:84,4
DA:87,13
DA:88,1
DA:91,13
DA:93,1
DA:99,13
DA:100,7
DA:103,13
LF:37
LH:17
BRDA:18,0,0,0
BRDA:19,1,0,0
BRDA:36,2,0,0
BRDA:36,2,1,0
BRDA:39,3,0,0
BRDA:39,3,1,0
BRDA:44,4,0,0
BRDA:44,4,1,0
BRDA:71,5,0,13
BRF:9
BRH:1
end_of_record
TN:
SF:src/hooks/useRealtimeTasks.ts
FN:13,tasksEqual
FN:20,(anonymous_1)
FN:21,(anonymous_2)
FN:37,useRealtimeTasks
FN:48,setTasksIfChanged
FN:56,(anonymous_5)
FN:61,(anonymous_6)
FN:92,syncFromCache
FN:102,(anonymous_8)
FN:104,(anonymous_9)
FN:110,(anonymous_10)
FN:116,scheduleReconnect
FN:121,(anonymous_12)
FN:128,startPolling
FN:130,(anonymous_14)
FN:135,stopPolling
FN:142,connect
FN:148,(anonymous_17)
FN:156,(anonymous_18)
FN:164,(anonymous_19)
FN:178,(anonymous_20)
FN:184,(anonymous_21)
FN:187,(anonymous_22)
FN:190,(anonymous_23)
FN:206,(anonymous_24)
FNF:25
FNH:0
FNDA:0,tasksEqual
FNDA:0,(anonymous_1)
FNDA:0,(anonymous_2)
FNDA:0,useRealtimeTasks
FNDA:0,setTasksIfChanged
FNDA:0,(anonymous_5)
FNDA:0,(anonymous_6)
FNDA:0,syncFromCache
FNDA:0,(anonymous_8)
FNDA:0,(anonymous_9)
FNDA:0,(anonymous_10)
FNDA:0,scheduleReconnect
FNDA:0,(anonymous_12)
FNDA:0,startPolling
FNDA:0,(anonymous_14)
FNDA:0,stopPolling
FNDA:0,connect
FNDA:0,(anonymous_17)
FNDA:0,(anonymous_18)
FNDA:0,(anonymous_19)
FNDA:0,(anonymous_20)
FNDA:0,(anonymous_21)
FNDA:0,(anonymous_22)
FNDA:0,(anonymous_23)
FNDA:0,(anonymous_24)
DA:9,0
DA:10,0
DA:14,0
DA:15,0
DA:16,0
DA:20,0
DA:21,0
DA:22,0
DA:23,0
DA:24,0
DA:25,0
DA:27,0
DA:38,0
DA:39,0
DA:40,0
DA:41,0
DA:42,0
DA:43,0
DA:44,0
DA:45,0
DA:46,0
DA:49,0
DA:50,0
DA:51,0
DA:56,0
DA:57,0
DA:58,0
DA:59,0
DA:61,0
DA:84,0
DA:85,0
DA:93,0
DA:94,0
DA:95,0
DA:96,0
DA:98,0
DA:102,0
DA:103,0
DA:104,0
DA:107,0
DA:110,0
DA:111,0
DA:114,0
DA:117,0
DA:118,0
DA:119,0
DA:120,0
DA:121,0
DA:122,0
DA:123,0
DA:124,0
DA:129,0
DA:130,0
DA:131,0
DA:136,0
DA:137,0
DA:138,0
DA:143,0
DA:144,0
DA:145,0
DA:149,0
DA:150,0
DA:151,0
DA:152,0
DA:153,0
DA:154,0
DA:157,0
DA:158,0
DA:159,0
DA:160,0
DA:161,0
DA:162,0
DA:165,0
DA:166,0
DA:167,0
DA:168,0
DA:169,0
DA:170,0
DA:174,0
DA:177,0
DA:179,0
DA:184,0
DA:185,0
DA:187,0
DA:188,0
DA:190,0
DA:191,0
DA:194,0
DA:195,0
DA:196,0
DA:197,0
DA:198,0
DA:199,0
DA:204,0
DA:206,0
DA:207,0
DA:208,0
DA:209,0
DA:210,0
DA:214,0
LF:100
LH:0
BRDA:14,0,0,0
BRDA:14,0,1,0
BRDA:16,1,0,0
BRDA:16,1,1,0
BRDA:24,2,0,0
BRDA:24,2,1,0
BRDA:25,3,0,0
BRDA:25,3,1,0
BRDA:25,4,0,0
BRDA:25,4,1,0
BRDA:25,4,2,0
BRDA:49,5,0,0
BRDA:49,5,1,0
BRDA:59,6,0,0
BRDA:59,6,1,0
BRDA:67,7,0,0
BRDA:67,7,1,0
BRDA:69,8,0,0
BRDA:69,8,1,0
BRDA:70,9,0,0
BRDA:70,9,1,0
BRDA:71,10,0,0
BRDA:71,10,1,0
BRDA:72,11,0,0
BRDA:72,11,1,0
BRDA:73,12,0,0
BRDA:73,12,1,0
BRDA:74,13,0,0
BRDA:74,13,1,0
BRDA:75,14,0,0
BRDA:75,14,1,0
BRDA:76,15,0,0
BRDA:76,15,1,0
BRDA:77,16,0,0
BRDA:77,16,1,0
BRDA:78,17,0,0
BRDA:78,17,1,0
BRDA:79,18,0,0
BRDA:79,18,1,0
BRDA:80,19,0,0
BRDA:80,19,1,0
BRDA:81,20,0,0
BRDA:81,20,1,0
BRDA:82,21,0,0
BRDA:82,21,1,0
BRDA:85,22,0,0
BRDA:85,22,1,0
BRDA:96,23,0,0
BRDA:96,23,1,0
BRDA:111,24,0,0
BRDA:111,24,1,0
BRDA:117,25,0,0
BRDA:117,25,1,0
BRDA:122,26,0,0
BRDA:122,26,1,0
BRDA:136,27,0,0
BRDA:136,27,1,0
BRDA:143,28,0,0
BRDA:143,28,1,0
BRDA:149,29,0,0
BRDA:149,29,1,0
BRDA:157,30,0,0
BRDA:157,30,1,0
BRDA:165,31,0,0
BRDA:165,31,1,0
BRDA:179,32,0,0
BRDA:179,32,1,0
BRDA:185,33,0,0
BRDA:185,33,1,0
BRDA:188,34,0,0
BRDA:188,34,1,0
BRDA:191,35,0,0
BRDA:191,35,1,0
BRDA:194,36,0,0
BRDA:194,36,1,0
BRDA:209,37,0,0
BRDA:209,37,1,0
BRF:77
BRH:0
end_of_record
TN:
SF:src/pages/AgentHealthPage.tsx
FN:23,formatDuration
FN:32,AgentHealthPage
FN:39,(anonymous_2)
FN:53,(anonymous_3)
FN:55,(anonymous_4)
FN:56,(anonymous_5)
FN:59,(anonymous_6)
FN:64,(anonymous_7)
FN:65,(anonymous_8)
FN:66,(anonymous_9)
FN:134,(anonymous_10)
FN:184,(anonymous_11)
FN:196,(anonymous_12)
FNF:13
FNH:0
FNDA:0,formatDuration
FNDA:0,AgentHealthPage
FNDA:0,(anonymous_2)
FNDA:0,(anonymous_3)
FNDA:0,(anonymous_4)
FNDA:0,(anonymous_5)
FNDA:0,(anonymous_6)
FNDA:0,(anonymous_7)
FNDA:0,(anonymous_8)
FNDA:0,(anonymous_9)
FNDA:0,(anonymous_10)
FNDA:0,(anonymous_11)
FNDA:0,(anonymous_12)
DA:9,0
DA:16,0
DA:24,0
DA:25,0
DA:26,0
DA:27,0
DA:28,0
DA:29,0
DA:33,0
DA:34,0
DA:35,0
DA:36,0
DA:37,0
DA:39,0
DA:40,0
DA:41,0
DA:42,0
DA:43,0
DA:44,0
DA:46,0
DA:48,0
DA:49,0
DA:53,0
DA:54,0
DA:55,0
DA:56,0
DA:59,0
DA:60,0
DA:61,0
DA:64,0
DA:65,0
DA:66,0
DA:68,0
DA:74,0
DA:135,0
DA:136,0
DA:138,0
DA:185,0
DA:196,0
LF:39
LH:0
BRDA:24,0,0,0
BRDA:24,0,1,0
BRDA:25,1,0,0
BRDA:25,1,1,0
BRDA:26,2,0,0
BRDA:26,2,1,0
BRDA:39,3,0,0
BRDA:40,4,0,0
BRDA:40,4,1,0
BRDA:64,5,0,0
BRDA:64,5,1,0
BRDA:68,6,0,0
BRDA:68,6,1,0
BRDA:87,7,0,0
BRDA:87,7,1,0
BRDA:110,8,0,0
BRDA:110,8,1,0
BRDA:117,9,0,0
BRDA:117,9,1,0
BRDA:124,10,0,0
BRDA:124,10,1,0
BRDA:124,11,0,0
BRDA:124,11,1,0
BRDA:135,12,0,0
BRDA:135,12,1,0
BRDA:151,13,0,0
BRDA:151,13,1,0
BRDA:156,14,0,0
BRDA:156,14,1,0
BRDA:157,15,0,0
BRDA:157,15,1,0
BRDA:161,16,0,0
BRDA:161,16,1,0
BRDA:164,17,0,0
BRDA:164,17,1,0
BRDA:168,18,0,0
BRDA:168,18,1,0
BRDA:172,19,0,0
BRDA:172,19,1,0
BRDA:173,20,0,0
BRDA:173,20,1,0
BRDA:182,21,0,0
BRDA:182,21,1,0
BRDA:193,22,0,0
BRDA:193,22,1,0
BRDA:204,23,0,0
BRDA:204,23,1,0
BRF:47
BRH:0
end_of_record
TN:
SF:src/pages/AnalyticsPage.tsx
FN:26,AnalyticsPage
FN:34,(anonymous_1)
FN:35,(anonymous_2)
FN:55,(anonymous_3)
FN:74,(anonymous_4)
FN:88,(anonymous_5)
FN:89,(anonymous_6)
FN:108,(anonymous_7)
FN:129,(anonymous_8)
FN:129,(anonymous_9)
FN:160,(anonymous_10)
FN:189,(anonymous_11)
FN:216,(anonymous_12)
FN:227,(anonymous_13)
FN:243,StatCard
FNF:15
FNH:0
FNDA:0,AnalyticsPage
FNDA:0,(anonymous_1)
FNDA:0,(anonymous_2)
FNDA:0,(anonymous_3)
FNDA:0,(anonymous_4)
FNDA:0,(anonymous_5)
FNDA:0,(anonymous_6)
FNDA:0,(anonymous_7)
FNDA:0,(anonymous_8)
FNDA:0,(anonymous_9)
FNDA:0,(anonymous_10)
FNDA:0,(anonymous_11)
FNDA:0,(anonymous_12)
FNDA:0,(anonymous_13)
FNDA:0,StatCard
DA:19,0
DA:27,0
DA:28,0
DA:29,0
DA:30,0
DA:31,0
DA:32,0
DA:34,0
DA:35,0
DA:36,0
DA:37,0
DA:43,0
DA:44,0
DA:45,0
DA:46,0
DA:48,0
DA:50,0
DA:53,0
DA:54,0
DA:55,0
DA:58,0
DA:64,0
DA:72,0
DA:74,0
DA:76,0
DA:88,0
DA:89,0
DA:109,0
DA:110,0
DA:129,0
DA:130,0
DA:161,0
DA:190,0
DA:217,0
DA:228,0
DA:244,0
LF:36
LH:0
BRDA:58,0,0,0
BRDA:58,0,1,0
BRDA:64,1,0,0
BRDA:64,1,1,0
BRDA:72,2,0,0
BRDA:72,2,1,0
BRDA:98,3,0,0
BRDA:98,3,1,0
BRDA:109,4,0,0
BRDA:109,4,1,0
BRDA:117,5,0,0
BRDA:117,5,1,0
BRDA:136,6,0,0
BRDA:136,6,1,0
BRDA:137,7,0,0
BRDA:137,7,1,0
BRDA:138,8,0,0
BRDA:138,8,1,0
BRDA:139,9,0,0
BRDA:139,9,1,0
BRDA:156,10,0,0
BRDA:156,10,1,0
BRDA:165,11,0,0
BRDA:165,11,1,0
BRDA:166,12,0,0
BRDA:166,12,1,0
BRDA:167,13,0,0
BRDA:167,13,1,0
BRDA:185,14,0,0
BRDA:185,14,1,0
BRDA:212,15,0,0
BRDA:212,15,1,0
BRDA:218,16,0,0
BRDA:218,16,1,0
BRDA:218,17,0,0
BRDA:218,17,1,0
BRDA:223,18,0,0
BRDA:223,18,1,0
BRDA:225,19,0,0
BRDA:225,19,1,0
BRDA:251,20,0,0
BRDA:251,20,1,0
BRF:42
BRH:0
end_of_record
TN:
SF:src/pages/BoardPage.tsx
FN:49,BoardPage
FN:86,(anonymous_1)
FN:94,(anonymous_2)
FN:98,(anonymous_3)
FN:110,(anonymous_4)
FN:115,(anonymous_5)
FN:124,(anonymous_6)
FN:125,(anonymous_7)
FN:125,(anonymous_8)
FN:129,(anonymous_9)
FN:132,(anonymous_10)
FN:133,(anonymous_11)
FN:134,(anonymous_12)
FN:135,(anonymous_13)
FN:139,(anonymous_14)
FN:151,(anonymous_15)
FN:159,(anonymous_16)
FN:167,(anonymous_17)
FN:177,(anonymous_18)
FN:181,(anonymous_19)
FN:187,(anonymous_20)
FN:193,(anonymous_21)
FN:227,(anonymous_22)
FN:231,(anonymous_23)
FN:232,(anonymous_24)
FN:241,(anonymous_25)
FN:242,(anonymous_26)
FN:244,(anonymous_27)
FN:245,(anonymous_28)
FN:249,(anonymous_29)
FN:252,(anonymous_30)
FN:260,(anonymous_31)
FN:265,(anonymous_32)
FN:266,(anonymous_33)
FN:274,(anonymous_34)
FN:278,(anonymous_35)
FN:282,(anonymous_36)
FN:287,(anonymous_37)
FN:309,(anonymous_38)
FN:326,(anonymous_39)
FN:346,(anonymous_40)
FN:355,(anonymous_41)
FN:365,(anonymous_42)
FN:376,(anonymous_43)
FN:377,(anonymous_44)
FN:390,(anonymous_45)
FN:392,(anonymous_46)
FN:396,(anonymous_47)
FN:397,(anonymous_48)
FN:401,(anonymous_49)
FN:403,(anonymous_50)
FN:416,(anonymous_51)
FN:420,(anonymous_52)
FN:422,(anonymous_53)
FN:454,(anonymous_54)
FN:456,(anonymous_55)
FN:457,(anonymous_56)
FN:461,(anonymous_57)
FN:468,(anonymous_58)
FN:469,(anonymous_59)
FN:503,(anonymous_60)
FN:507,(anonymous_61)
FN:511,(anonymous_62)
FN:554,(anonymous_63)
FN:557,(anonymous_64)
FN:567,(anonymous_65)
FN:575,(anonymous_66)
FN:577,(anonymous_67)
FN:578,(anonymous_68)
FN:578,(anonymous_69)
FN:579,(anonymous_70)
FN:580,(anonymous_71)
FN:591,(anonymous_72)
FN:610,(anonymous_73)
FN:614,(anonymous_74)
FN:626,(anonymous_75)
FN:631,(anonymous_76)
FN:633,(anonymous_77)
FN:638,(anonymous_78)
FN:642,(anonymous_79)
FN:654,(anonymous_80)
FN:656,(anonymous_81)
FN:657,(anonymous_82)
FN:657,(anonymous_83)
FN:658,(anonymous_84)
FN:659,(anonymous_85)
FN:670,(anonymous_86)
FN:711,(anonymous_87)
FN:716,(anonymous_88)
FN:726,(anonymous_89)
FN:738,(anonymous_90)
FN:741,(anonymous_91)
FN:744,(anonymous_92)
FN:747,(anonymous_93)
FN:754,(anonymous_94)
FN:757,(anonymous_95)
FN:760,(anonymous_96)
FN:766,(anonymous_97)
FN:771,(anonymous_98)
FN:781,(anonymous_99)
FN:782,(anonymous_100)
FN:790,(anonymous_101)
FN:791,(anonymous_102)
FN:795,(anonymous_103)
FN:797,(anonymous_104)
FN:808,(anonymous_105)
FN:809,(anonymous_106)
FN:817,(anonymous_107)
FN:856,(anonymous_108)
FN:860,(anonymous_109)
FN:871,(anonymous_110)
FN:880,(anonymous_111)
FN:885,(anonymous_112)
FN:892,(anonymous_113)
FN:896,(anonymous_114)
FN:901,(anonymous_115)
FN:907,(anonymous_116)
FN:915,(anonymous_117)
FN:923,(anonymous_118)
FN:932,(anonymous_119)
FN:935,(anonymous_120)
FN:943,(anonymous_121)
FN:944,(anonymous_122)
FN:947,(anonymous_123)
FN:957,(anonymous_124)
FN:960,(anonymous_125)
FN:964,(anonymous_126)
FN:976,(anonymous_127)
FN:981,(anonymous_128)
FN:982,(anonymous_129)
FN:991,(anonymous_130)
FN:1007,(anonymous_131)
FN:1011,(anonymous_132)
FN:1011,(anonymous_133)
FN:1033,(anonymous_134)
FN:1033,(anonymous_135)
FN:1037,(anonymous_136)
FN:1037,(anonymous_137)
FN:1060,(anonymous_138)
FN:1064,(anonymous_139)
FN:1064,(anonymous_140)
FN:1091,(anonymous_141)
FN:1102,(anonymous_142)
FN:1141,(anonymous_143)
FN:1142,(anonymous_144)
FN:1177,(anonymous_145)
FN:1191,(anonymous_146)
FN:1210,(anonymous_147)
FN:1211,(anonymous_148)
FN:1215,(anonymous_149)
FN:1232,(anonymous_150)
FN:1233,(anonymous_151)
FN:1245,(anonymous_152)
FN:1246,(anonymous_153)
FN:1247,(anonymous_154)
FN:1248,(anonymous_155)
FN:1249,(anonymous_156)
FN:1250,(anonymous_157)
FN:1251,(anonymous_158)
FN:1252,(anonymous_159)
FN:1259,(anonymous_160)
FN:1260,(anonymous_161)
FN:1272,(anonymous_162)
FN:1286,(anonymous_163)
FN:1287,(anonymous_164)
FN:1295,(anonymous_165)
FN:1305,(anonymous_166)
FN:1306,(anonymous_167)
FN:1307,(anonymous_168)
FN:1308,(anonymous_169)
FN:1325,(anonymous_170)
FN:1326,(anonymous_171)
FN:1343,(anonymous_172)
FN:1355,(anonymous_173)
FN:1360,(anonymous_174)
FN:1371,(anonymous_175)
FN:1372,(anonymous_176)
FN:1387,(anonymous_177)
FN:1404,(anonymous_178)
FN:1405,(anonymous_179)
FN:1411,(anonymous_180)
FN:1412,(anonymous_181)
FN:1415,(anonymous_182)
FN:1431,(anonymous_183)
FN:1460,(anonymous_184)
FN:1464,(anonymous_185)
FN:1468,(anonymous_186)
FN:1472,(anonymous_187)
FN:1476,(anonymous_188)
FN:1483,(anonymous_189)
FN:1489,(anonymous_190)
FN:1496,(anonymous_191)
FN:1499,(anonymous_192)
FN:1517,(anonymous_193)
FN:1522,(anonymous_194)
FN:1600,CreateTaskDialog
FN:1610,(anonymous_196)
FN:1620,(anonymous_197)
FN:1653,(anonymous_198)
FN:1656,(anonymous_199)
FN:1669,(anonymous_200)
FN:1676,(anonymous_201)
FN:1684,(anonymous_202)
FN:1694,(anonymous_203)
FN:1700,(anonymous_204)
FN:1706,(anonymous_205)
FN:1725,TaskDetailDialog
FN:1764,(anonymous_207)
FN:1765,(anonymous_208)
FN:1766,(anonymous_209)
FN:1767,(anonymous_210)
FN:1769,(anonymous_211)
FN:1772,(anonymous_212)
FN:1774,(anonymous_213)
FN:1775,(anonymous_214)
FN:1778,(anonymous_215)
FN:1781,(anonymous_216)
FN:1783,(anonymous_217)
FN:1784,(anonymous_218)
FN:1788,(anonymous_219)
FN:1790,(anonymous_220)
FN:1794,(anonymous_221)
FN:1797,(anonymous_222)
FN:1799,(anonymous_223)
FN:1800,(anonymous_224)
FN:1803,(anonymous_225)
FN:1810,(anonymous_226)
FN:1827,(anonymous_227)
FN:1830,(anonymous_228)
FN:1832,(anonymous_229)
FN:1833,(anonymous_230)
FN:1836,(anonymous_231)
FN:1843,(anonymous_232)
FN:1860,(anonymous_233)
FN:1861,(anonymous_234)
FN:1861,(anonymous_235)
FN:1866,(anonymous_236)
FN:1866,(anonymous_237)
FN:1871,(anonymous_238)
FN:1873,(anonymous_239)
FN:1873,(anonymous_240)
FN:1879,(anonymous_241)
FN:1883,(anonymous_242)
FN:1909,(anonymous_243)
FN:1918,(anonymous_244)
FN:1990,(anonymous_245)
FN:2007,(anonymous_246)
FN:2010,(anonymous_247)
FN:2059,(anonymous_248)
FN:2099,(anonymous_249)
FN:2130,(anonymous_250)
FN:2161,(anonymous_251)
FN:2183,(anonymous_252)
FN:2184,(anonymous_253)
FN:2211,(anonymous_254)
FN:2224,(anonymous_255)
FN:2227,(anonymous_256)
FN:2238,(anonymous_257)
FN:2251,(anonymous_258)
FN:2252,(anonymous_259)
FN:2277,(anonymous_260)
FN:2280,(anonymous_261)
FN:2283,(anonymous_262)
FN:2286,(anonymous_263)
FN:2293,(anonymous_264)
FN:2296,(anonymous_265)
FN:2299,(anonymous_266)
FN:2305,(anonymous_267)
FN:2310,(anonymous_268)
FNF:269
FNH:0
FNDA:0,BoardPage
FNDA:0,(anonymous_1)
FNDA:0,(anonymous_2)
FNDA:0,(anonymous_3)
FNDA:0,(anonymous_4)
FNDA:0,(anonymous_5)
FNDA:0,(anonymous_6)
FNDA:0,(anonymous_7)
FNDA:0,(anonymous_8)
FNDA:0,(anonymous_9)
FNDA:0,(anonymous_10)
FNDA:0,(anonymous_11)
FNDA:0,(anonymous_12)
FNDA:0,(anonymous_13)
FNDA:0,(anonymous_14)
FNDA:0,(anonymous_15)
FNDA:0,(anonymous_16)
FNDA:0,(anonymous_17)
FNDA:0,(anonymous_18)
FNDA:0,(anonymous_19)
FNDA:0,(anonymous_20)
FNDA:0,(anonymous_21)
FNDA:0,(anonymous_22)
FNDA:0,(anonymous_23)
FNDA:0,(anonymous_24)
FNDA:0,(anonymous_25)
FNDA:0,(anonymous_26)
FNDA:0,(anonymous_27)
FNDA:0,(anonymous_28)
FNDA:0,(anonymous_29)
FNDA:0,(anonymous_30)
FNDA:0,(anonymous_31)
FNDA:0,(anonymous_32)
FNDA:0,(anonymous_33)
FNDA:0,(anonymous_34)
FNDA:0,(anonymous_35)
FNDA:0,(anonymous_36)
FNDA:0,(anonymous_37)
FNDA:0,(anonymous_38)
FNDA:0,(anonymous_39)
FNDA:0,(anonymous_40)
FNDA:0,(anonymous_41)
FNDA:0,(anonymous_42)
FNDA:0,(anonymous_43)
FNDA:0,(anonymous_44)
FNDA:0,(anonymous_45)
FNDA:0,(anonymous_46)
FNDA:0,(anonymous_47)
FNDA:0,(anonymous_48)
FNDA:0,(anonymous_49)
FNDA:0,(anonymous_50)
FNDA:0,(anonymous_51)
FNDA:0,(anonymous_52)
FNDA:0,(anonymous_53)
FNDA:0,(anonymous_54)
FNDA:0,(anonymous_55)
FNDA:0,(anonymous_56)
FNDA:0,(anonymous_57)
FNDA:0,(anonymous_58)
FNDA:0,(anonymous_59)
FNDA:0,(anonymous_60)
FNDA:0,(anonymous_61)
FNDA:0,(anonymous_62)
FNDA:0,(anonymous_63)
FNDA:0,(anonymous_64)
FNDA:0,(anonymous_65)
FNDA:0,(anonymous_66)
FNDA:0,(anonymous_67)
FNDA:0,(anonymous_68)
FNDA:0,(anonymous_69)
FNDA:0,(anonymous_70)
FNDA:0,(anonymous_71)
FNDA:0,(anonymous_72)
FNDA:0,(anonymous_73)
FNDA:0,(anonymous_74)
FNDA:0,(anonymous_75)
FNDA:0,(anonymous_76)
FNDA:0,(anonymous_77)
FNDA:0,(anonymous_78)
FNDA:0,(anonymous_79)
FNDA:0,(anonymous_80)
FNDA:0,(anonymous_81)
FNDA:0,(anonymous_82)
FNDA:0,(anonymous_83)
FNDA:0,(anonymous_84)
FNDA:0,(anonymous_85)
FNDA:0,(anonymous_86)
FNDA:0,(anonymous_87)
FNDA:0,(anonymous_88)
FNDA:0,(anonymous_89)
FNDA:0,(anonymous_90)
FNDA:0,(anonymous_91)
FNDA:0,(anonymous_92)
FNDA:0,(anonymous_93)
FNDA:0,(anonymous_94)
FNDA:0,(anonymous_95)
FNDA:0,(anonymous_96)
FNDA:0,(anonymous_97)
FNDA:0,(anonymous_98)
FNDA:0,(anonymous_99)
FNDA:0,(anonymous_100)
FNDA:0,(anonymous_101)
FNDA:0,(anonymous_102)
FNDA:0,(anonymous_103)
FNDA:0,(anonymous_104)
FNDA:0,(anonymous_105)
FNDA:0,(anonymous_106)
FNDA:0,(anonymous_107)
FNDA:0,(anonymous_108)
FNDA:0,(anonymous_109)
FNDA:0,(anonymous_110)
FNDA:0,(anonymous_111)
FNDA:0,(anonymous_112)
FNDA:0,(anonymous_113)
FNDA:0,(anonymous_114)
FNDA:0,(anonymous_115)
FNDA:0,(anonymous_116)
FNDA:0,(anonymous_117)
FNDA:0,(anonymous_118)
FNDA:0,(anonymous_119)
FNDA:0,(anonymous_120)
FNDA:0,(anonymous_121)
FNDA:0,(anonymous_122)
FNDA:0,(anonymous_123)
FNDA:0,(anonymous_124)
FNDA:0,(anonymous_125)
FNDA:0,(anonymous_126)
FNDA:0,(anonymous_127)
FNDA:0,(anonymous_128)
FNDA:0,(anonymous_129)
FNDA:0,(anonymous_130)
FNDA:0,(anonymous_131)
FNDA:0,(anonymous_132)
FNDA:0,(anonymous_133)
FNDA:0,(anonymous_134)
FNDA:0,(anonymous_135)
FNDA:0,(anonymous_136)
FNDA:0,(anonymous_137)
FNDA:0,(anonymous_138)
FNDA:0,(anonymous_139)
FNDA:0,(anonymous_140)
FNDA:0,(anonymous_141)
FNDA:0,(anonymous_142)
FNDA:0,(anonymous_143)
FNDA:0,(anonymous_144)
FNDA:0,(anonymous_145)
FNDA:0,(anonymous_146)
FNDA:0,(anonymous_147)
FNDA:0,(anonymous_148)
FNDA:0,(anonymous_149)
FNDA:0,(anonymous_150)
FNDA:0,(anonymous_151)
FNDA:0,(anonymous_152)
FNDA:0,(anonymous_153)
FNDA:0,(anonymous_154)
FNDA:0,(anonymous_155)
FNDA:0,(anonymous_156)
FNDA:0,(anonymous_157)
FNDA:0,(anonymous_158)
FNDA:0,(anonymous_159)
FNDA:0,(anonymous_160)
FNDA:0,(anonymous_161)
FNDA:0,(anonymous_162)
FNDA:0,(anonymous_163)
FNDA:0,(anonymous_164)
FNDA:0,(anonymous_165)
FNDA:0,(anonymous_166)
FNDA:0,(anonymous_167)
FNDA:0,(anonymous_168)
FNDA:0,(anonymous_169)
FNDA:0,(anonymous_170)
FNDA:0,(anonymous_171)
FNDA:0,(anonymous_172)
FNDA:0,(anonymous_173)
FNDA:0,(anonymous_174)
FNDA:0,(anonymous_175)
FNDA:0,(anonymous_176)
FNDA:0,(anonymous_177)
FNDA:0,(anonymous_178)
FNDA:0,(anonymous_179)
FNDA:0,(anonymous_180)
FNDA:0,(anonymous_181)
FNDA:0,(anonymous_182)
FNDA:0,(anonymous_183)
FNDA:0,(anonymous_184)
FNDA:0,(anonymous_185)
FNDA:0,(anonymous_186)
FNDA:0,(anonymous_187)
FNDA:0,(anonymous_188)
FNDA:0,(anonymous_189)
FNDA:0,(anonymous_190)
FNDA:0,(anonymous_191)
FNDA:0,(anonymous_192)
FNDA:0,(anonymous_193)
FNDA:0,(anonymous_194)
FNDA:0,CreateTaskDialog
FNDA:0,(anonymous_196)
FNDA:0,(anonymous_197)
FNDA:0,(anonymous_198)
FNDA:0,(anonymous_199)
FNDA:0,(anonymous_200)
FNDA:0,(anonymous_201)
FNDA:0,(anonymous_202)
FNDA:0,(anonymous_203)
FNDA:0,(anonymous_204)
FNDA:0,(anonymous_205)
FNDA:0,TaskDetailDialog
FNDA:0,(anonymous_207)
FNDA:0,(anonymous_208)
FNDA:0,(anonymous_209)
FNDA:0,(anonymous_210)
FNDA:0,(anonymous_211)
FNDA:0,(anonymous_212)
FNDA:0,(anonymous_213)
FNDA:0,(anonymous_214)
FNDA:0,(anonymous_215)
FNDA:0,(anonymous_216)
FNDA:0,(anonymous_217)
FNDA:0,(anonymous_218)
FNDA:0,(anonymous_219)
FNDA:0,(anonymous_220)
FNDA:0,(anonymous_221)
FNDA:0,(anonymous_222)
FNDA:0,(anonymous_223)
FNDA:0,(anonymous_224)
FNDA:0,(anonymous_225)
FNDA:0,(anonymous_226)
FNDA:0,(anonymous_227)
FNDA:0,(anonymous_228)
FNDA:0,(anonymous_229)
FNDA:0,(anonymous_230)
FNDA:0,(anonymous_231)
FNDA:0,(anonymous_232)
FNDA:0,(anonymous_233)
FNDA:0,(anonymous_234)
FNDA:0,(anonymous_235)
FNDA:0,(anonymous_236)
FNDA:0,(anonymous_237)
FNDA:0,(anonymous_238)
FNDA:0,(anonymous_239)
FNDA:0,(anonymous_240)
FNDA:0,(anonymous_241)
FNDA:0,(anonymous_242)
FNDA:0,(anonymous_243)
FNDA:0,(anonymous_244)
FNDA:0,(anonymous_245)
FNDA:0,(anonymous_246)
FNDA:0,(anonymous_247)
FNDA:0,(anonymous_248)
FNDA:0,(anonymous_249)
FNDA:0,(anonymous_250)
FNDA:0,(anonymous_251)
FNDA:0,(anonymous_252)
FNDA:0,(anonymous_253)
FNDA:0,(anonymous_254)
FNDA:0,(anonymous_255)
FNDA:0,(anonymous_256)
FNDA:0,(anonymous_257)
FNDA:0,(anonymous_258)
FNDA:0,(anonymous_259)
FNDA:0,(anonymous_260)
FNDA:0,(anonymous_261)
FNDA:0,(anonymous_262)
FNDA:0,(anonymous_263)
FNDA:0,(anonymous_264)
FNDA:0,(anonymous_265)
FNDA:0,(anonymous_266)
FNDA:0,(anonymous_267)
FNDA:0,(anonymous_268)
DA:27,0
DA:34,0
DA:41,0
DA:42,0
DA:50,0
DA:51,0
DA:52,0
DA:53,0
DA:54,0
DA:55,0
DA:56,0
DA:57,0
DA:58,0
DA:59,0
DA:60,0
DA:61,0
DA:62,0
DA:63,0
DA:64,0
DA:65,0
DA:66,0
DA:67,0
DA:68,0
DA:69,0
DA:70,0
DA:71,0
DA:72,0
DA:73,0
DA:74,0
DA:75,0
DA:76,0
DA:77,0
DA:78,0
DA:79,0
DA:80,0
DA:81,0
DA:82,0
DA:83,0
DA:84,0
DA:85,0
DA:86,0
DA:87,0
DA:88,0
DA:90,0
DA:91,0
DA:94,0
DA:95,0
DA:98,0
DA:99,0
DA:100,0
DA:101,0
DA:110,0
DA:111,0
DA:112,0
DA:115,0
DA:116,0
DA:117,0
DA:118,0
DA:119,0
DA:120,0
DA:121,0
DA:124,0
DA:125,0
DA:129,0
DA:132,0
DA:133,0
DA:134,0
DA:135,0
DA:136,0
DA:139,0
DA:140,0
DA:141,0
DA:142,0
DA:145,0
DA:147,0
DA:151,0
DA:152,0
DA:153,0
DA:155,0
DA:159,0
DA:160,0
DA:161,0
DA:163,0
DA:167,0
DA:168,0
DA:169,0
DA:170,0
DA:171,0
DA:173,0
DA:177,0
DA:178,0
DA:181,0
DA:182,0
DA:183,0
DA:184,0
DA:187,0
DA:188,0
DA:189,0
DA:190,0
DA:191,0
DA:193,0
DA:194,0
DA:196,0
DA:197,0
DA:199,0
DA:200,0
DA:202,0
DA:204,0
DA:205,0
DA:207,0
DA:209,0
DA:210,0
DA:212,0
DA:214,0
DA:215,0
DA:216,0
DA:217,0
DA:218,0
DA:220,0
DA:223,0
DA:227,0
DA:228,0
DA:229,0
DA:231,0
DA:232,0
DA:233,0
DA:235,0
DA:236,0
DA:237,0
DA:240,0
DA:241,0
DA:242,0
DA:244,0
DA:245,0
DA:246,0
DA:249,0
DA:250,0
DA:252,0
DA:253,0
DA:254,0
DA:256,0
DA:260,0
DA:261,0
DA:262,0
DA:265,0
DA:266,0
DA:267,0
DA:268,0
DA:269,0
DA:270,0
DA:274,0
DA:275,0
DA:276,0
DA:278,0
DA:282,0
DA:283,0
DA:284,0
DA:287,0
DA:288,0
DA:289,0
DA:290,0
DA:291,0
DA:292,0
DA:293,0
DA:294,0
DA:295,0
DA:296,0
DA:297,0
DA:298,0
DA:299,0
DA:300,0
DA:301,0
DA:304,0
DA:305,0
DA:306,0
DA:309,0
DA:310,0
DA:311,0
DA:312,0
DA:313,0
DA:314,0
DA:316,0
DA:318,0
DA:319,0
DA:321,0
DA:323,0
DA:326,0
DA:327,0
DA:328,0
DA:329,0
DA:330,0
DA:332,0
DA:333,0
DA:334,0
DA:337,0
DA:339,0
DA:340,0
DA:342,0
DA:346,0
DA:347,0
DA:348,0
DA:349,0
DA:351,0
DA:355,0
DA:356,0
DA:357,0
DA:358,0
DA:359,0
DA:361,0
DA:365,0
DA:366,0
DA:367,0
DA:368,0
DA:369,0
DA:371,0
DA:376,0
DA:377,0
DA:378,0
DA:379,0
DA:380,0
DA:384,0
DA:385,0
DA:388,0
DA:389,0
DA:390,0
DA:391,0
DA:392,0
DA:396,0
DA:397,0
DA:401,0
DA:402,0
DA:403,0
DA:404,0
DA:405,0
DA:406,0
DA:407,0
DA:408,0
DA:409,0
DA:411,0
DA:414,0
DA:415,0
DA:416,0
DA:420,0
DA:421,0
DA:422,0
DA:424,0
DA:425,0
DA:426,0
DA:427,0
DA:428,0
DA:429,0
DA:430,0
DA:431,0
DA:432,0
DA:433,0
DA:437,0
DA:438,0
DA:439,0
DA:440,0
DA:441,0
DA:442,0
DA:443,0
DA:444,0
DA:445,0
DA:446,0
DA:447,0
DA:450,0
DA:454,0
DA:455,0
DA:456,0
DA:457,0
DA:461,0
DA:462,0
DA:463,0
DA:468,0
DA:469,0
DA:471,0
DA:472,0
DA:473,0
DA:474,0
DA:476,0
DA:479,0
DA:481,0
DA:482,0
DA:483,0
DA:486,0
DA:487,0
DA:488,0
DA:490,0
DA:492,0
DA:493,0
DA:494,0
DA:495,0
DA:497,0
DA:498,0
DA:500,0
DA:502,0
DA:503,0
DA:504,0
DA:506,0
DA:507,0
DA:508,0
DA:510,0
DA:511,0
DA:512,0
DA:514,0
DA:516,0
DA:517,0
DA:519,0
DA:520,0
DA:522,0
DA:523,0
DA:525,0
DA:526,0
DA:528,0
DA:529,0
DA:531,0
DA:532,0
DA:533,0
DA:535,0
DA:536,0
DA:537,0
DA:538,0
DA:539,0
DA:540,0
DA:541,0
DA:542,0
DA:543,0
DA:544,0
DA:545,0
DA:546,0
DA:547,0
DA:548,0
DA:550,0
DA:553,0
DA:554,0
DA:557,0
DA:558,0
DA:559,0
DA:560,0
DA:567,0
DA:568,0
DA:570,0
DA:572,0
DA:575,0
DA:577,0
DA:578,0
DA:579,0
DA:580,0
DA:591,0
DA:611,0
DA:615,0
DA:616,0
DA:617,0
DA:626,0
DA:631,0
DA:633,0
DA:638,0
DA:642,0
DA:651,0
DA:654,0
DA:656,0
DA:657,0
DA:658,0
DA:659,0
DA:670,0
DA:712,0
DA:713,0
DA:714,0
DA:716,0
DA:727,0
DA:738,0
DA:741,0
DA:744,0
DA:747,0
DA:754,0
DA:757,0
DA:760,0
DA:766,0
DA:771,0
DA:781,0
DA:782,0
DA:783,0
DA:784,0
DA:785,0
DA:790,0
DA:791,0
DA:795,0
DA:796,0
DA:798,0
DA:808,0
DA:809,0
DA:810,0
DA:811,0
DA:812,0
DA:813,0
DA:815,0
DA:816,0
DA:817,0
DA:818,0
DA:819,0
DA:820,0
DA:822,0
DA:824,0
DA:829,0
DA:856,0
DA:861,0
DA:871,0
DA:880,0
DA:885,0
DA:892,0
DA:896,0
DA:901,0
DA:907,0
DA:915,0
DA:923,0
DA:932,0
DA:935,0
DA:943,0
DA:944,0
DA:947,0
DA:958,0
DA:960,0
DA:964,0
DA:976,0
DA:981,0
DA:982,0
DA:991,0
DA:1008,0
DA:1009,0
DA:1011,0
DA:1012,0
DA:1013,0
DA:1014,0
DA:1033,0
DA:1034,0
DA:1035,0
DA:1037,0
DA:1038,0
DA:1039,0
DA:1040,0
DA:1061,0
DA:1062,0
DA:1064,0
DA:1065,0
DA:1066,0
DA:1067,0
DA:1091,0
DA:1103,0
DA:1142,0
DA:1178,0
DA:1179,0
DA:1180,0
DA:1181,0
DA:1192,0
DA:1211,0
DA:1212,0
DA:1215,0
DA:1232,0
DA:1233,0
DA:1245,0
DA:1246,0
DA:1247,0
DA:1248,0
DA:1249,0
DA:1250,0
DA:1251,0
DA:1252,0
DA:1260,0
DA:1261,0
DA:1262,0
DA:1263,0
DA:1264,0
DA:1272,0
DA:1286,0
DA:1288,0
DA:1289,0
DA:1295,0
DA:1305,0
DA:1306,0
DA:1307,0
DA:1308,0
DA:1325,0
DA:1326,0
DA:1344,0
DA:1345,0
DA:1355,0
DA:1360,0
DA:1364,0
DA:1365,0
DA:1372,0
DA:1373,0
DA:1374,0
DA:1375,0
DA:1387,0
DA:1404,0
DA:1405,0
DA:1411,0
DA:1412,0
DA:1415,0
DA:1432,0
DA:1460,0
DA:1464,0
DA:1468,0
DA:1472,0
DA:1476,0
DA:1483,0
DA:1489,0
DA:1497,0
DA:1500,0
DA:1501,0
DA:1502,0
DA:1503,0
DA:1517,0
DA:1522,0
DA:1549,0
DA:1601,0
DA:1602,0
DA:1603,0
DA:1604,0
DA:1605,0
DA:1606,0
DA:1607,0
DA:1608,0
DA:1610,0
DA:1611,0
DA:1612,0
DA:1613,0
DA:1614,0
DA:1615,0
DA:1616,0
DA:1617,0
DA:1620,0
DA:1621,0
DA:1622,0
DA:1623,0
DA:1624,0
DA:1625,0
DA:1633,0
DA:1635,0
DA:1637,0
DA:1641,0
DA:1654,0
DA:1656,0
DA:1669,0
DA:1676,0
DA:1684,0
DA:1694,0
DA:1700,0
DA:1706,0
DA:1745,0
DA:1746,0
DA:1747,0
DA:1748,0
DA:1749,0
DA:1750,0
DA:1753,0
DA:1754,0
DA:1755,0
DA:1756,0
DA:1759,0
DA:1760,0
DA:1761,0
DA:1762,0
DA:1764,0
DA:1765,0
DA:1766,0
DA:1767,0
DA:1769,0
DA:1770,0
DA:1771,0
DA:1772,0
DA:1773,0
DA:1774,0
DA:1775,0
DA:1778,0
DA:1779,0
DA:1780,0
DA:1781,0
DA:1782,0
DA:1783,0
DA:1784,0
DA:1788,0
DA:1789,0
DA:1790,0
DA:1794,0
DA:1795,0
DA:1796,0
DA:1797,0
DA:1798,0
DA:1799,0
DA:1800,0
DA:1803,0
DA:1804,0
DA:1805,0
DA:1806,0
DA:1807,0
DA:1808,0
DA:1809,0
DA:1810,0
DA:1817,0
DA:1820,0
DA:1822,0
DA:1827,0
DA:1828,0
DA:1829,0
DA:1830,0
DA:1831,0
DA:1832,0
DA:1833,0
DA:1836,0
DA:1837,0
DA:1838,0
DA:1839,0
DA:1840,0
DA:1841,0
DA:1842,0
DA:1843,0
DA:1851,0
DA:1854,0
DA:1856,0
DA:1860,0
DA:1861,0
DA:1862,0
DA:1863,0
DA:1866,0
DA:1867,0
DA:1871,0
DA:1872,0
DA:1873,0
DA:1874,0
DA:1875,0
DA:1877,0
DA:1879,0
DA:1883,0
DA:1884,0
DA:1885,0
DA:1886,0
DA:1887,0
DA:1889,0
DA:1891,0
DA:1892,0
DA:1893,0
DA:1895,0
DA:1897,0
DA:1901,0
DA:1907,0
DA:1909,0
DA:1916,0
DA:1918,0
DA:1991,0
DA:2008,0
DA:2009,0
DA:2010,0
DA:2060,0
DA:2061,0
DA:2062,0
DA:2063,0
DA:2064,0
DA:2065,0
DA:2067,0
DA:2100,0
DA:2131,0
DA:2162,0
DA:2183,0
DA:2185,0
DA:2186,0
DA:2187,0
DA:2211,0
DA:2225,0
DA:2227,0
DA:2238,0
DA:2251,0
DA:2253,0
DA:2254,0
DA:2255,0
DA:2277,0
DA:2280,0
DA:2283,0
DA:2286,0
DA:2293,0
DA:2296,0
DA:2299,0
DA:2305,0
DA:2310,0
LF:685
LH:0
BRDA:87,0,0,0
BRDA:87,0,1,0
BRDA:100,1,0,0
BRDA:100,1,1,0
BRDA:169,2,0,0
BRDA:169,2,1,0
BRDA:171,3,0,0
BRDA:171,3,1,0
BRDA:189,4,0,0
BRDA:189,4,1,0
BRDA:194,5,0,0
BRDA:194,5,1,0
BRDA:194,6,0,0
BRDA:194,6,1,0
BRDA:197,7,0,0
BRDA:197,7,1,0
BRDA:197,7,2,0
BRDA:197,7,3,0
BRDA:199,8,0,0
BRDA:199,8,1,0
BRDA:199,9,0,0
BRDA:199,9,1,0
BRDA:204,10,0,0
BRDA:204,10,1,0
BRDA:209,11,0,0
BRDA:209,11,1,0
BRDA:214,12,0,0
BRDA:214,12,1,0
BRDA:216,13,0,0
BRDA:216,13,1,0
BRDA:229,14,0,0
BRDA:229,14,1,0
BRDA:229,15,0,0
BRDA:229,15,1,0
BRDA:233,16,0,0
BRDA:233,16,1,0
BRDA:233,17,0,0
BRDA:233,17,1,0
BRDA:233,17,2,0
BRDA:242,18,0,0
BRDA:242,18,1,0
BRDA:242,19,0,0
BRDA:242,19,1,0
BRDA:242,20,0,0
BRDA:242,20,1,0
BRDA:246,21,0,0
BRDA:246,21,1,0
BRDA:246,22,0,0
BRDA:246,22,1,0
BRDA:261,23,0,0
BRDA:261,23,1,0
BRDA:268,24,0,0
BRDA:268,24,1,0
BRDA:275,25,0,0
BRDA:275,25,1,0
BRDA:288,26,0,0
BRDA:288,26,1,0
BRDA:289,27,0,0
BRDA:289,27,1,0
BRDA:289,28,0,0
BRDA:289,28,1,0
BRDA:289,29,0,0
BRDA:289,29,1,0
BRDA:290,30,0,0
BRDA:290,30,1,0
BRDA:296,31,0,0
BRDA:296,31,1,0
BRDA:297,32,0,0
BRDA:297,32,1,0
BRDA:298,33,0,0
BRDA:298,33,1,0
BRDA:299,34,0,0
BRDA:299,34,1,0
BRDA:300,35,0,0
BRDA:300,35,1,0
BRDA:310,36,0,0
BRDA:310,36,1,0
BRDA:310,37,0,0
BRDA:310,37,1,0
BRDA:313,38,0,0
BRDA:313,38,1,0
BRDA:328,39,0,0
BRDA:328,39,1,0
BRDA:330,40,0,0
BRDA:330,40,1,0
BRDA:333,41,0,0
BRDA:333,41,1,0
BRDA:347,42,0,0
BRDA:347,42,1,0
BRDA:357,43,0,0
BRDA:357,43,1,0
BRDA:367,44,0,0
BRDA:367,44,1,0
BRDA:378,45,0,0
BRDA:378,45,1,0
BRDA:390,46,0,0
BRDA:390,46,1,0
BRDA:404,47,0,0
BRDA:404,47,1,0
BRDA:427,48,0,0
BRDA:427,48,1,0
BRDA:429,49,0,0
BRDA:429,49,1,0
BRDA:429,50,0,0
BRDA:429,50,1,0
BRDA:430,51,0,0
BRDA:430,51,1,0
BRDA:430,52,0,0
BRDA:430,52,1,0
BRDA:431,53,0,0
BRDA:431,53,1,0
BRDA:432,54,0,0
BRDA:432,54,1,0
BRDA:433,55,0,0
BRDA:433,55,1,0
BRDA:433,56,0,0
BRDA:433,56,1,0
BRDA:438,57,0,0
BRDA:438,57,1,0
BRDA:440,58,0,0
BRDA:440,58,1,0
BRDA:441,59,0,0
BRDA:441,59,1,0
BRDA:442,60,0,0
BRDA:442,60,1,0
BRDA:443,61,0,0
BRDA:443,61,1,0
BRDA:444,62,0,0
BRDA:444,62,1,0
BRDA:446,63,0,0
BRDA:446,63,1,0
BRDA:446,64,0,0
BRDA:446,64,1,0
BRDA:455,65,0,0
BRDA:455,65,1,0
BRDA:462,66,0,0
BRDA:462,66,1,0
BRDA:462,67,0,0
BRDA:462,67,1,0
BRDA:472,68,0,0
BRDA:472,68,1,0
BRDA:472,69,0,0
BRDA:472,69,1,0
BRDA:472,69,2,0
BRDA:473,70,0,0
BRDA:473,70,1,0
BRDA:479,71,0,0
BRDA:479,71,1,0
BRDA:479,71,2,0
BRDA:479,71,3,0
BRDA:479,71,4,0
BRDA:479,71,5,0
BRDA:479,71,6,0
BRDA:479,71,7,0
BRDA:479,71,8,0
BRDA:479,71,9,0
BRDA:479,71,10,0
BRDA:479,71,11,0
BRDA:479,71,12,0
BRDA:479,71,13,0
BRDA:492,72,0,0
BRDA:492,72,1,0
BRDA:492,73,0,0
BRDA:492,73,1,0
BRDA:494,74,0,0
BRDA:494,74,1,0
BRDA:494,75,0,0
BRDA:494,75,1,0
BRDA:535,76,0,0
BRDA:535,76,1,0
BRDA:537,77,0,0
BRDA:537,77,1,0
BRDA:539,78,0,0
BRDA:539,78,1,0
BRDA:541,79,0,0
BRDA:541,79,1,0
BRDA:543,80,0,0
BRDA:543,80,1,0
BRDA:545,81,0,0
BRDA:545,81,1,0
BRDA:547,82,0,0
BRDA:547,82,1,0
BRDA:558,83,0,0
BRDA:558,83,1,0
BRDA:562,84,0,0
BRDA:562,84,1,0
BRDA:568,85,0,0
BRDA:568,85,1,0
BRDA:570,86,0,0
BRDA:570,86,1,0
BRDA:578,87,0,0
BRDA:578,87,1,0
BRDA:584,88,0,0
BRDA:584,88,1,0
BRDA:586,89,0,0
BRDA:586,89,1,0
BRDA:589,90,0,0
BRDA:589,90,1,0
BRDA:594,91,0,0
BRDA:594,91,1,0
BRDA:602,92,0,0
BRDA:602,92,1,0
BRDA:605,93,0,0
BRDA:605,93,1,0
BRDA:610,94,0,0
BRDA:610,94,1,0
BRDA:614,95,0,0
BRDA:614,95,1,0
BRDA:616,96,0,0
BRDA:616,96,1,0
BRDA:618,97,0,0
BRDA:618,97,1,0
BRDA:625,98,0,0
BRDA:625,98,1,0
BRDA:629,99,0,0
BRDA:629,99,1,0
BRDA:637,100,0,0
BRDA:637,100,1,0
BRDA:641,101,0,0
BRDA:641,101,1,0
BRDA:657,102,0,0
BRDA:657,102,1,0
BRDA:661,103,0,0
BRDA:661,103,1,0
BRDA:663,104,0,0
BRDA:663,104,1,0
BRDA:668,105,0,0
BRDA:668,105,1,0
BRDA:673,106,0,0
BRDA:673,106,1,0
BRDA:679,107,0,0
BRDA:679,107,1,0
BRDA:680,108,0,0
BRDA:680,108,1,0
BRDA:683,109,0,0
BRDA:683,109,1,0
BRDA:692,110,0,0
BRDA:692,110,1,0
BRDA:697,111,0,0
BRDA:697,111,1,0
BRDA:702,112,0,0
BRDA:702,112,1,0
BRDA:703,113,0,0
BRDA:703,113,1,0
BRDA:705,114,0,0
BRDA:705,114,1,0
BRDA:711,115,0,0
BRDA:711,115,1,0
BRDA:713,116,0,0
BRDA:713,116,1,0
BRDA:718,117,0,0
BRDA:718,117,1,0
BRDA:726,118,0,0
BRDA:726,118,1,0
BRDA:736,119,0,0
BRDA:736,119,1,0
BRDA:752,120,0,0
BRDA:752,120,1,0
BRDA:765,121,0,0
BRDA:765,121,1,0
BRDA:770,122,0,0
BRDA:770,122,1,0
BRDA:783,123,0,0
BRDA:783,123,1,0
BRDA:784,124,0,0
BRDA:784,124,1,0
BRDA:785,125,0,0
BRDA:785,125,1,0
BRDA:785,125,2,0
BRDA:791,126,0,0
BRDA:791,126,1,0
BRDA:796,127,0,0
BRDA:796,127,1,0
BRDA:798,128,0,0
BRDA:798,128,1,0
BRDA:798,128,2,0
BRDA:798,128,3,0
BRDA:798,128,4,0
BRDA:810,129,0,0
BRDA:810,129,1,0
BRDA:810,130,0,0
BRDA:810,130,1,0
BRDA:811,131,0,0
BRDA:811,131,1,0
BRDA:812,132,0,0
BRDA:812,132,1,0
BRDA:813,133,0,0
BRDA:813,133,1,0
BRDA:815,134,0,0
BRDA:815,134,1,0
BRDA:816,135,0,0
BRDA:816,135,1,0
BRDA:820,136,0,0
BRDA:820,136,1,0
BRDA:822,137,0,0
BRDA:822,137,1,0
BRDA:837,138,0,0
BRDA:837,138,1,0
BRDA:853,139,0,0
BRDA:853,139,1,0
BRDA:876,140,0,0
BRDA:876,140,1,0
BRDA:880,141,0,0
BRDA:880,141,1,0
BRDA:882,142,0,0
BRDA:882,142,1,0
BRDA:887,143,0,0
BRDA:887,143,1,0
BRDA:887,144,0,0
BRDA:887,144,1,0
BRDA:887,144,2,0
BRDA:887,144,3,0
BRDA:896,145,0,0
BRDA:896,145,1,0
BRDA:898,146,0,0
BRDA:898,146,1,0
BRDA:903,147,0,0
BRDA:903,147,1,0
BRDA:909,148,0,0
BRDA:909,148,1,0
BRDA:909,149,0,0
BRDA:909,149,1,0
BRDA:917,150,0,0
BRDA:917,150,1,0
BRDA:917,151,0,0
BRDA:917,151,1,0
BRDA:925,152,0,0
BRDA:925,152,1,0
BRDA:954,153,0,0
BRDA:954,153,1,0
BRDA:974,154,0,0
BRDA:974,154,1,0
BRDA:982,155,0,0
BRDA:982,155,1,0
BRDA:982,156,0,0
BRDA:982,156,1,0
BRDA:1000,157,0,0
BRDA:1000,157,1,0
BRDA:1013,158,0,0
BRDA:1013,158,1,0
BRDA:1017,159,0,0
BRDA:1017,159,1,0
BRDA:1022,160,0,0
BRDA:1022,160,1,0
BRDA:1022,161,0,0
BRDA:1022,161,1,0
BRDA:1039,162,0,0
BRDA:1039,162,1,0
BRDA:1043,163,0,0
BRDA:1043,163,1,0
BRDA:1048,164,0,0
BRDA:1048,164,1,0
BRDA:1048,165,0,0
BRDA:1048,165,1,0
BRDA:1056,166,0,0
BRDA:1056,166,1,0
BRDA:1066,167,0,0
BRDA:1066,167,1,0
BRDA:1070,168,0,0
BRDA:1070,168,1,0
BRDA:1074,169,0,0
BRDA:1074,169,1,0
BRDA:1077,170,0,0
BRDA:1077,170,1,0
BRDA:1087,171,0,0
BRDA:1087,171,1,0
BRDA:1087,171,2,0
BRDA:1087,171,3,0
BRDA:1100,172,0,0
BRDA:1100,172,1,0
BRDA:1114,173,0,0
BRDA:1114,173,1,0
BRDA:1115,174,0,0
BRDA:1115,174,1,0
BRDA:1119,175,0,0
BRDA:1119,175,1,0
BRDA:1119,175,2,0
BRDA:1122,176,0,0
BRDA:1122,176,1,0
BRDA:1129,177,0,0
BRDA:1129,177,1,0
BRDA:1137,178,0,0
BRDA:1137,178,1,0
BRDA:1143,179,0,0
BRDA:1143,179,1,0
BRDA:1150,180,0,0
BRDA:1150,180,1,0
BRDA:1151,181,0,0
BRDA:1151,181,1,0
BRDA:1154,182,0,0
BRDA:1154,182,1,0
BRDA:1165,183,0,0
BRDA:1165,183,1,0
BRDA:1173,184,0,0
BRDA:1173,184,1,0
BRDA:1178,185,0,0
BRDA:1178,185,1,0
BRDA:1183,186,0,0
BRDA:1183,186,1,0
BRDA:1183,187,0,0
BRDA:1183,187,1,0
BRDA:1187,188,0,0
BRDA:1187,188,1,0
BRDA:1189,189,0,0
BRDA:1189,189,1,0
BRDA:1197,190,0,0
BRDA:1197,190,1,0
BRDA:1217,191,0,0
BRDA:1217,191,1,0
BRDA:1230,192,0,0
BRDA:1230,192,1,0
BRDA:1238,193,0,0
BRDA:1238,193,1,0
BRDA:1257,194,0,0
BRDA:1257,194,1,0
BRDA:1261,195,0,0
BRDA:1261,195,1,0
BRDA:1272,196,0,0
BRDA:1272,196,1,0
BRDA:1281,197,0,0
BRDA:1281,197,1,0
BRDA:1288,198,0,0
BRDA:1288,198,1,0
BRDA:1289,199,0,0
BRDA:1289,199,1,0
BRDA:1303,200,0,0
BRDA:1303,200,1,0
BRDA:1311,201,0,0
BRDA:1311,201,1,0
BRDA:1311,201,2,0
BRDA:1313,202,0,0
BRDA:1313,202,1,0
BRDA:1317,203,0,0
BRDA:1317,203,1,0
BRDA:1321,204,0,0
BRDA:1321,204,1,0
BRDA:1324,205,0,0
BRDA:1324,205,1,0
BRDA:1330,206,0,0
BRDA:1330,206,1,0
BRDA:1330,206,2,0
BRDA:1330,206,3,0
BRDA:1343,207,0,0
BRDA:1343,207,1,0
BRDA:1343,207,2,0
BRDA:1378,208,0,0
BRDA:1378,208,1,0
BRDA:1381,209,0,0
BRDA:1381,209,1,0
BRDA:1384,210,0,0
BRDA:1384,210,1,0
BRDA:1390,211,0,0
BRDA:1390,211,1,0
BRDA:1390,211,2,0
BRDA:1390,211,3,0
BRDA:1401,212,0,0
BRDA:1401,212,1,0
BRDA:1410,213,0,0
BRDA:1410,213,1,0
BRDA:1446,214,0,0
BRDA:1446,214,1,0
BRDA:1446,214,2,0
BRDA:1450,215,0,0
BRDA:1450,215,1,0
BRDA:1483,216,0,0
BRDA:1483,216,1,0
BRDA:1487,217,0,0
BRDA:1487,217,1,0
BRDA:1492,218,0,0
BRDA:1492,218,1,0
BRDA:1501,219,0,0
BRDA:1501,219,1,0
BRDA:1506,220,0,0
BRDA:1506,220,1,0
BRDA:1510,221,0,0
BRDA:1510,221,1,0
BRDA:1518,222,0,0
BRDA:1518,222,1,0
BRDA:1523,223,0,0
BRDA:1523,223,1,0
BRDA:1622,224,0,0
BRDA:1622,224,1,0
BRDA:1658,225,0,0
BRDA:1658,225,1,0
BRDA:1715,226,0,0
BRDA:1715,226,1,0
BRDA:1717,227,0,0
BRDA:1717,227,1,0
BRDA:1729,228,0,0
BRDA:1729,229,0,0
BRDA:1766,230,0,0
BRDA:1766,230,1,0
BRDA:1767,231,0,0
BRDA:1767,231,1,0
BRDA:1773,232,0,0
BRDA:1773,232,1,0
BRDA:1774,233,0,0
BRDA:1774,233,1,0
BRDA:1782,234,0,0
BRDA:1782,234,1,0
BRDA:1783,235,0,0
BRDA:1783,235,1,0
BRDA:1789,236,0,0
BRDA:1789,236,1,0
BRDA:1798,237,0,0
BRDA:1798,237,1,0
BRDA:1799,238,0,0
BRDA:1799,238,1,0
BRDA:1805,239,0,0
BRDA:1805,239,1,0
BRDA:1809,240,0,0
BRDA:1809,240,1,0
BRDA:1831,241,0,0
BRDA:1831,241,1,0
BRDA:1832,242,0,0
BRDA:1832,242,1,0
BRDA:1838,243,0,0
BRDA:1838,243,1,0
BRDA:1842,244,0,0
BRDA:1842,244,1,0
BRDA:1861,245,0,0
BRDA:1861,245,1,0
BRDA:1866,246,0,0
BRDA:1866,246,1,0
BRDA:1872,247,0,0
BRDA:1872,247,1,0
BRDA:1886,248,0,0
BRDA:1886,248,1,0
BRDA:1907,249,0,0
BRDA:1907,249,1,0
BRDA:1923,250,0,0
BRDA:1923,250,1,0
BRDA:1924,251,0,0
BRDA:1924,251,1,0
BRDA:1927,252,0,0
BRDA:1927,252,1,0
BRDA:1928,253,0,0
BRDA:1928,253,1,0
BRDA:1929,254,0,0
BRDA:1929,254,1,0
BRDA:1932,255,0,0
BRDA:1932,255,1,0
BRDA:1935,256,0,0
BRDA:1935,256,1,0
BRDA:1949,257,0,0
BRDA:1949,257,1,0
BRDA:1962,258,0,0
BRDA:1962,258,1,0
BRDA:1970,259,0,0
BRDA:1970,259,1,0
BRDA:1972,260,0,0
BRDA:1972,260,1,0
BRDA:1986,261,0,0
BRDA:1986,261,1,0
BRDA:2003,262,0,0
BRDA:2003,262,1,0
BRDA:2013,263,0,0
BRDA:2013,263,1,0
BRDA:2017,264,0,0
BRDA:2017,264,1,0
BRDA:2020,265,0,0
BRDA:2020,265,1,0
BRDA:2033,266,0,0
BRDA:2033,266,1,0
BRDA:2037,267,0,0
BRDA:2037,267,1,0
BRDA:2047,268,0,0
BRDA:2047,268,1,0
BRDA:2047,269,0,0
BRDA:2047,269,1,0
BRDA:2060,270,0,0
BRDA:2060,270,1,0
BRDA:2061,271,0,0
BRDA:2061,271,1,0
BRDA:2062,272,0,0
BRDA:2062,272,1,0
BRDA:2084,273,0,0
BRDA:2084,273,1,0
BRDA:2089,274,0,0
BRDA:2089,274,1,0
BRDA:2093,275,0,0
BRDA:2093,275,1,0
BRDA:2096,276,0,0
BRDA:2096,276,1,0
BRDA:2103,277,0,0
BRDA:2103,277,1,0
BRDA:2104,278,0,0
BRDA:2104,278,1,0
BRDA:2109,279,0,0
BRDA:2109,279,1,0
BRDA:2122,280,0,0
BRDA:2122,280,1,0
BRDA:2126,281,0,0
BRDA:2126,281,1,0
BRDA:2132,282,0,0
BRDA:2132,282,1,0
BRDA:2136,283,0,0
BRDA:2136,283,1,0
BRDA:2138,284,0,0
BRDA:2138,284,1,0
BRDA:2152,285,0,0
BRDA:2152,285,1,0
BRDA:2158,286,0,0
BRDA:2158,286,1,0
BRDA:2185,287,0,0
BRDA:2185,287,1,0
BRDA:2185,288,0,0
BRDA:2185,288,1,0
BRDA:2196,289,0,0
BRDA:2196,289,1,0
BRDA:2199,290,0,0
BRDA:2199,290,1,0
BRDA:2209,291,0,0
BRDA:2209,291,1,0
BRDA:2215,292,0,0
BRDA:2215,292,1,0
BRDA:2221,293,0,0
BRDA:2221,293,1,0
BRDA:2229,294,0,0
BRDA:2229,294,1,0
BRDA:2232,295,0,0
BRDA:2232,295,1,0
BRDA:2234,296,0,0
BRDA:2234,296,1,0
BRDA:2253,297,0,0
BRDA:2253,297,1,0
BRDA:2263,298,0,0
BRDA:2263,298,1,0
BRDA:2266,299,0,0
BRDA:2266,299,1,0
BRDA:2275,300,0,0
BRDA:2275,300,1,0
BRDA:2286,301,0,0
BRDA:2286,301,1,0
BRDA:2291,302,0,0
BRDA:2291,302,1,0
BRDA:2304,303,0,0
BRDA:2304,303,1,0
BRDA:2309,304,0,0
BRDA:2309,304,1,0
BRDA:2310,305,0,0
BRDA:2310,305,1,0
BRF:642
BRH:0
end_of_record
TN:
SF:src/pages/DependencyGraph.tsx
FN:21,layoutGraph
FN:23,(anonymous_1)
FN:65,(anonymous_2)
FN:81,(anonymous_3)
FN:89,computeViewBox
FN:104,DependencyGraph
FN:111,(anonymous_6)
FN:113,(anonymous_7)
FN:134,(anonymous_8)
FN:146,(anonymous_9)
FN:154,(anonymous_10)
FN:172,(anonymous_11)
FN:179,(anonymous_12)
FN:242,(anonymous_13)
FNF:14
FNH:0
FNDA:0,layoutGraph
FNDA:0,(anonymous_1)
FNDA:0,(anonymous_2)
FNDA:0,(anonymous_3)
FNDA:0,computeViewBox
FNDA:0,DependencyGraph
FNDA:0,(anonymous_6)
FNDA:0,(anonymous_7)
FNDA:0,(anonymous_8)
FNDA:0,(anonymous_9)
FNDA:0,(anonymous_10)
FNDA:0,(anonymous_11)
FNDA:0,(anonymous_12)
FNDA:0,(anonymous_13)
DA:5,0
DA:6,0
DA:7,0
DA:8,0
DA:9,0
DA:10,0
DA:12,0
DA:19,0
DA:23,0
DA:24,0
DA:25,0
DA:27,0
DA:28,0
DA:29,0
DA:31,0
DA:32,0
DA:33,0
DA:34,0
DA:39,0
DA:40,0
DA:42,0
DA:43,0
DA:45,0
DA:46,0
DA:47,0
DA:48,0
DA:49,0
DA:50,0
DA:51,0
DA:52,0
DA:56,0
DA:59,0
DA:60,0
DA:61,0
DA:62,0
DA:63,0
DA:65,0
DA:70,0
DA:71,0
DA:72,0
DA:73,0
DA:77,0
DA:78,0
DA:79,0
DA:80,0
DA:81,0
DA:82,0
DA:86,0
DA:90,0
DA:91,0
DA:92,0
DA:93,0
DA:94,0
DA:95,0
DA:97,0
DA:98,0
DA:99,0
DA:100,0
DA:101,0
DA:111,0
DA:112,0
DA:113,0
DA:115,0
DA:116,0
DA:117,0
DA:118,0
DA:119,0
DA:120,0
DA:121,0
DA:122,0
DA:123,0
DA:124,0
DA:125,0
DA:126,0
DA:127,0
DA:128,0
DA:132,0
DA:134,0
DA:146,0
DA:155,0
DA:173,0
DA:174,0
DA:175,0
DA:176,0
DA:179,0
DA:243,0
LF:86
LH:0
BRDA:32,0,0,0
BRDA:32,0,1,0
BRDA:32,1,0,0
BRDA:32,1,1,0
BRDA:43,2,0,0
BRDA:43,2,1,0
BRDA:49,3,0,0
BRDA:49,3,1,0
BRDA:52,4,0,0
BRDA:52,4,1,0
BRDA:56,5,0,0
BRDA:56,5,1,0
BRDA:61,6,0,0
BRDA:61,6,1,0
BRDA:62,7,0,0
BRDA:62,7,1,0
BRDA:65,8,0,0
BRDA:65,8,1,0
BRDA:72,9,0,0
BRDA:72,9,1,0
BRDA:118,10,0,0
BRDA:118,10,1,0
BRDA:121,11,0,0
BRDA:121,11,1,0
BRDA:174,12,0,0
BRDA:174,12,1,0
BRDA:175,13,0,0
BRDA:175,13,1,0
BRDA:201,14,0,0
BRDA:201,14,1,0
BRDA:220,15,0,0
BRDA:220,15,1,0
BRDA:220,16,0,0
BRDA:220,16,1,0
BRDA:220,17,0,0
BRDA:220,17,1,0
BRDA:223,18,0,0
BRDA:223,18,1,0
BRDA:223,18,2,0
BRDA:231,19,0,0
BRDA:231,19,1,0
BRDA:231,20,0,0
BRDA:231,20,1,0
BRF:43
BRH:0
end_of_record
TN:
SF:src/pages/IssuesPage.tsx
FN:5,IssuesPage
FN:11,(anonymous_1)
FN:15,(anonymous_2)
FN:19,(anonymous_3)
FN:25,(anonymous_4)
FN:28,(anonymous_5)
FN:32,(anonymous_6)
FN:55,(anonymous_7)
FN:94,(anonymous_8)
FNF:9
FNH:0
FNDA:0,IssuesPage
FNDA:0,(anonymous_1)
FNDA:0,(anonymous_2)
FNDA:0,(anonymous_3)
FNDA:0,(anonymous_4)
FNDA:0,(anonymous_5)
FNDA:0,(anonymous_6)
FNDA:0,(anonymous_7)
FNDA:0,(anonymous_8)
DA:6,0
DA:7,0
DA:8,0
DA:9,0
DA:11,0
DA:12,0
DA:13,0
DA:14,0
DA:16,0
DA:17,0
DA:20,0
DA:21,0
DA:25,0
DA:26,0
DA:27,0
DA:28,0
DA:31,0
DA:33,0
DA:39,0
DA:55,0
DA:95,0
LF:21
LH:0
BRDA:16,0,0,0
BRDA:16,0,1,0
BRDA:31,1,0,0
BRDA:31,1,1,0
BRDA:33,2,0,0
BRDA:33,2,1,0
BRDA:33,2,2,0
BRDA:64,3,0,0
BRDA:64,3,1,0
BRDA:70,4,0,0
BRDA:70,4,1,0
BRDA:70,5,0,0
BRDA:70,5,1,0
BRDA:74,6,0,0
BRDA:74,6,1,0
BRDA:82,7,0,0
BRDA:82,7,1,0
BRDA:86,8,0,0
BRDA:86,8,1,0
BRDA:89,9,0,0
BRDA:89,9,1,0
BRDA:100,10,0,0
BRDA:100,10,1,0
BRDA:111,11,0,0
BRDA:111,11,1,0
BRF:25
BRH:0
end_of_record
TN:
SF:src/pages/LabelsPage.tsx
FN:11,LabelsPage
FN:29,(anonymous_1)
FN:41,(anonymous_2)
FN:43,(anonymous_3)
FN:61,(anonymous_4)
FN:75,(anonymous_5)
FN:85,(anonymous_6)
FN:109,(anonymous_7)
FN:127,(anonymous_8)
FN:132,(anonymous_9)
FN:136,(anonymous_10)
FN:145,(anonymous_11)
FN:146,(anonymous_12)
FN:164,(anonymous_13)
FN:178,(anonymous_14)
FN:185,(anonymous_15)
FN:189,(anonymous_16)
FN:194,(anonymous_17)
FN:195,(anonymous_18)
FN:204,(anonymous_19)
FN:208,(anonymous_20)
FN:226,(anonymous_21)
FN:228,(anonymous_22)
FNF:23
FNH:0
FNDA:0,LabelsPage
FNDA:0,(anonymous_1)
FNDA:0,(anonymous_2)
FNDA:0,(anonymous_3)
FNDA:0,(anonymous_4)
FNDA:0,(anonymous_5)
FNDA:0,(anonymous_6)
FNDA:0,(anonymous_7)
FNDA:0,(anonymous_8)
FNDA:0,(anonymous_9)
FNDA:0,(anonymous_10)
FNDA:0,(anonymous_11)
FNDA:0,(anonymous_12)
FNDA:0,(anonymous_13)
FNDA:0,(anonymous_14)
FNDA:0,(anonymous_15)
FNDA:0,(anonymous_16)
FNDA:0,(anonymous_17)
FNDA:0,(anonymous_18)
FNDA:0,(anonymous_19)
FNDA:0,(anonymous_20)
FNDA:0,(anonymous_21)
FNDA:0,(anonymous_22)
DA:5,0
DA:12,0
DA:13,0
DA:14,0
DA:15,0
DA:16,0
DA:19,0
DA:20,0
DA:21,0
DA:22,0
DA:25,0
DA:26,0
DA:27,0
DA:29,0
DA:30,0
DA:31,0
DA:32,0
DA:33,0
DA:35,0
DA:37,0
DA:41,0
DA:43,0
DA:44,0
DA:45,0
DA:46,0
DA:47,0
DA:48,0
DA:49,0
DA:50,0
DA:51,0
DA:52,0
DA:53,0
DA:55,0
DA:57,0
DA:61,0
DA:62,0
DA:63,0
DA:64,0
DA:65,0
DA:66,0
DA:67,0
DA:69,0
DA:71,0
DA:75,0
DA:76,0
DA:77,0
DA:78,0
DA:79,0
DA:81,0
DA:85,0
DA:86,0
DA:87,0
DA:88,0
DA:89,0
DA:92,0
DA:93,0
DA:100,0
DA:109,0
DA:127,0
DA:132,0
DA:136,0
DA:146,0
DA:164,0
DA:179,0
DA:185,0
DA:189,0
DA:195,0
DA:204,0
DA:208,0
DA:226,0
DA:228,0
LF:71
LH:0
BRDA:45,0,0,0
BRDA:45,0,1,0
BRDA:62,1,0,0
BRDA:62,1,1,0
BRDA:76,2,0,0
BRDA:76,2,1,0
BRDA:92,3,0,0
BRDA:92,3,1,0
BRDA:114,4,0,0
BRDA:114,4,1,0
BRDA:122,5,0,0
BRDA:122,5,1,0
BRDA:148,6,0,0
BRDA:148,6,1,0
BRDA:159,7,0,0
BRDA:159,7,1,0
BRDA:166,8,0,0
BRDA:166,8,1,0
BRDA:168,9,0,0
BRDA:168,9,1,0
BRDA:182,10,0,0
BRDA:182,10,1,0
BRDA:197,11,0,0
BRDA:197,11,1,0
BRDA:205,12,0,0
BRDA:205,12,1,0
BRDA:207,13,0,0
BRDA:207,13,1,0
BRDA:222,14,0,0
BRDA:222,14,1,0
BRDA:235,15,0,0
BRDA:235,15,1,0
BRF:32
BRH:0
end_of_record
TN:
SF:src/pages/LogsPage.tsx
FN:35,relativeTime
FN:47,LogsPage
FN:63,(anonymous_2)
FN:72,(anonymous_3)
FN:89,(anonymous_4)
FN:94,(anonymous_5)
FN:98,(anonymous_6)
FN:107,(anonymous_7)
FN:117,(anonymous_8)
FN:153,(anonymous_9)
FN:164,(anonymous_10)
FN:177,(anonymous_11)
FN:179,(anonymous_12)
FN:180,(anonymous_13)
FN:181,(anonymous_14)
FN:202,(anonymous_15)
FN:206,(anonymous_16)
FN:214,(anonymous_17)
FN:222,(anonymous_18)
FN:223,(anonymous_19)
FN:260,(anonymous_20)
FN:265,(anonymous_21)
FN:326,(anonymous_22)
FN:327,(anonymous_23)
FN:333,(anonymous_24)
FN:334,(anonymous_25)
FNF:26
FNH:0
FNDA:0,relativeTime
FNDA:0,LogsPage
FNDA:0,(anonymous_2)
FNDA:0,(anonymous_3)
FNDA:0,(anonymous_4)
FNDA:0,(anonymous_5)
FNDA:0,(anonymous_6)
FNDA:0,(anonymous_7)
FNDA:0,(anonymous_8)
FNDA:0,(anonymous_9)
FNDA:0,(anonymous_10)
FNDA:0,(anonymous_11)
FNDA:0,(anonymous_12)
FNDA:0,(anonymous_13)
FNDA:0,(anonymous_14)
FNDA:0,(anonymous_15)
FNDA:0,(anonymous_16)
FNDA:0,(anonymous_17)
FNDA:0,(anonymous_18)
FNDA:0,(anonymous_19)
FNDA:0,(anonymous_20)
FNDA:0,(anonymous_21)
FNDA:0,(anonymous_22)
FNDA:0,(anonymous_23)
FNDA:0,(anonymous_24)
FNDA:0,(anonymous_25)
DA:5,0
DA:11,0
DA:23,0
DA:28,0
DA:36,0
DA:37,0
DA:38,0
DA:39,0
DA:40,0
DA:41,0
DA:42,0
DA:43,0
DA:44,0
DA:48,0
DA:49,0
DA:50,0
DA:51,0
DA:52,0
DA:53,0
DA:56,0
DA:57,0
DA:58,0
DA:59,0
DA:60,0
DA:61,0
DA:63,0
DA:64,0
DA:65,0
DA:66,0
DA:67,0
DA:68,0
DA:69,0
DA:72,0
DA:73,0
DA:74,0
DA:75,0
DA:79,0
DA:80,0
DA:81,0
DA:83,0
DA:85,0
DA:89,0
DA:90,0
DA:91,0
DA:94,0
DA:95,0
DA:96,0
DA:97,0
DA:98,0
DA:99,0
DA:101,0
DA:103,0
DA:107,0
DA:108,0
DA:109,0
DA:110,0
DA:111,0
DA:114,0
DA:117,0
DA:119,0
DA:153,0
DA:164,0
DA:177,0
DA:180,0
DA:181,0
DA:182,0
DA:183,0
DA:184,0
DA:202,0
DA:207,0
DA:214,0
DA:223,0
DA:261,0
DA:262,0
DA:263,0
DA:265,0
DA:326,0
DA:328,0
DA:329,0
DA:330,0
DA:334,0
DA:335,0
DA:336,0
DA:337,0
LF:84
LH:0
BRDA:38,0,0,0
BRDA:38,0,1,0
BRDA:39,1,0,0
BRDA:39,1,1,0
BRDA:41,2,0,0
BRDA:41,2,1,0
BRDA:43,3,0,0
BRDA:43,3,1,0
BRDA:63,4,0,0
BRDA:65,5,0,0
BRDA:65,5,1,0
BRDA:66,6,0,0
BRDA:66,6,1,0
BRDA:67,7,0,0
BRDA:67,7,1,0
BRDA:68,8,0,0
BRDA:68,8,1,0
BRDA:114,9,0,0
BRDA:114,9,1,0
BRDA:114,9,2,0
BRDA:114,9,3,0
BRDA:132,10,0,0
BRDA:132,10,1,0
BRDA:153,11,0,0
BRDA:153,11,1,0
BRDA:166,12,0,0
BRDA:166,12,1,0
BRDA:172,13,0,0
BRDA:172,13,1,0
BRDA:175,14,0,0
BRDA:175,14,1,0
BRDA:183,15,0,0
BRDA:183,15,1,0
BRDA:188,16,0,0
BRDA:188,16,1,0
BRDA:191,17,0,0
BRDA:191,17,1,0
BRDA:193,18,0,0
BRDA:193,18,1,0
BRDA:225,19,0,0
BRDA:225,19,1,0
BRDA:234,20,0,0
BRDA:234,20,1,0
BRDA:242,21,0,0
BRDA:242,21,1,0
BRDA:250,22,0,0
BRDA:250,22,1,0
BRDA:254,23,0,0
BRDA:254,23,1,0
BRDA:256,24,0,0
BRDA:256,24,1,0
BRDA:261,25,0,0
BRDA:261,25,1,0
BRDA:265,26,0,0
BRDA:265,26,1,0
BRDA:267,27,0,0
BRDA:267,27,1,0
BRDA:270,28,0,0
BRDA:270,28,1,0
BRDA:279,29,0,0
BRDA:279,29,1,0
BRDA:285,30,0,0
BRDA:285,30,1,0
BRDA:302,31,0,0
BRDA:302,31,1,0
BRDA:307,32,0,0
BRDA:307,32,1,0
BRDA:308,33,0,0
BRDA:308,33,1,0
BRDA:315,34,0,0
BRDA:315,34,1,0
BRDA:321,35,0,0
BRDA:321,35,1,0
BRDA:321,35,2,0
BRDA:329,36,0,0
BRDA:329,36,1,0
BRDA:336,37,0,0
BRDA:336,37,1,0
BRDA:341,38,0,0
BRDA:341,38,1,0
BRF:80
BRH:0
end_of_record
TN:
SF:src/pages/ProjectsPage.tsx
FN:26,ProjectsPage
FN:39,(anonymous_1)
FN:51,(anonymous_2)
FN:53,(anonymous_3)
FN:78,(anonymous_4)
FN:88,(anonymous_5)
FN:98,(anonymous_6)
FN:107,(anonymous_7)
FN:117,(anonymous_8)
FN:140,(anonymous_9)
FN:163,(anonymous_10)
FN:173,(anonymous_11)
FN:185,(anonymous_12)
FN:193,(anonymous_13)
FN:214,(anonymous_14)
FN:232,(anonymous_15)
FN:254,(anonymous_16)
FN:262,(anonymous_17)
FN:271,(anonymous_18)
FN:278,(anonymous_19)
FN:294,(anonymous_20)
FNF:21
FNH:0
FNDA:0,ProjectsPage
FNDA:0,(anonymous_1)
FNDA:0,(anonymous_2)
FNDA:0,(anonymous_3)
FNDA:0,(anonymous_4)
FNDA:0,(anonymous_5)
FNDA:0,(anonymous_6)
FNDA:0,(anonymous_7)
FNDA:0,(anonymous_8)
FNDA:0,(anonymous_9)
FNDA:0,(anonymous_10)
FNDA:0,(anonymous_11)
FNDA:0,(anonymous_12)
FNDA:0,(anonymous_13)
FNDA:0,(anonymous_14)
FNDA:0,(anonymous_15)
FNDA:0,(anonymous_16)
FNDA:0,(anonymous_17)
FNDA:0,(anonymous_18)
FNDA:0,(anonymous_19)
FNDA:0,(anonymous_20)
DA:5,0
DA:12,0
DA:19,0
DA:27,0
DA:28,0
DA:29,0
DA:30,0
DA:31,0
DA:34,0
DA:35,0
DA:36,0
DA:37,0
DA:39,0
DA:40,0
DA:41,0
DA:42,0
DA:43,0
DA:45,0
DA:47,0
DA:51,0
DA:53,0
DA:54,0
DA:55,0
DA:56,0
DA:57,0
DA:58,0
DA:65,0
DA:66,0
DA:67,0
DA:68,0
DA:69,0
DA:70,0
DA:72,0
DA:74,0
DA:78,0
DA:79,0
DA:80,0
DA:81,0
DA:82,0
DA:84,0
DA:88,0
DA:89,0
DA:90,0
DA:91,0
DA:92,0
DA:94,0
DA:98,0
DA:99,0
DA:100,0
DA:101,0
DA:103,0
DA:107,0
DA:108,0
DA:109,0
DA:110,0
DA:111,0
DA:113,0
DA:117,0
DA:119,0
DA:120,0
DA:127,0
DA:140,0
DA:163,0
DA:173,0
DA:185,0
DA:193,0
DA:214,0
DA:233,0
DA:254,0
DA:262,0
DA:271,0
DA:278,0
DA:295,0
LF:73
LH:0
BRDA:55,0,0,0
BRDA:55,0,1,0
BRDA:60,1,0,0
BRDA:60,1,1,0
BRDA:108,2,0,0
BRDA:108,2,1,0
BRDA:117,3,0,0
BRDA:117,3,1,0
BRDA:119,4,0,0
BRDA:119,4,1,0
BRDA:148,5,0,0
BRDA:148,5,1,0
BRDA:156,6,0,0
BRDA:156,6,1,0
BRDA:206,7,0,0
BRDA:206,7,1,0
BRDA:209,8,0,0
BRDA:209,8,1,0
BRDA:224,9,0,0
BRDA:224,9,1,0
BRDA:236,10,0,0
BRDA:236,10,1,0
BRDA:272,11,0,0
BRDA:272,11,1,0
BRDA:273,12,0,0
BRDA:273,12,1,0
BRDA:275,13,0,0
BRDA:275,13,1,0
BRF:28
BRH:0
end_of_record
TN:
SF:src/pages/WebhooksPage.tsx
FN:19,WebhooksPage
FN:38,(anonymous_1)
FN:49,(anonymous_2)
FN:51,(anonymous_3)
FN:69,(anonymous_4)
FN:73,(anonymous_5)
FN:80,(anonymous_6)
FN:84,(anonymous_7)
FN:86,(anonymous_8)
FN:92,(anonymous_9)
FN:98,(anonymous_10)
FN:108,(anonymous_11)
FN:116,(anonymous_12)
FN:119,(anonymous_13)
FN:121,(anonymous_14)
FN:127,(anonymous_15)
FN:129,(anonymous_16)
FN:151,(anonymous_17)
FN:174,(anonymous_18)
FN:183,(anonymous_19)
FN:186,(anonymous_20)
FN:194,(anonymous_21)
FN:197,(anonymous_22)
FN:233,(anonymous_23)
FN:244,(anonymous_24)
FN:271,(anonymous_25)
FN:281,(anonymous_26)
FN:289,(anonymous_27)
FN:298,(anonymous_28)
FN:311,(anonymous_29)
FN:314,(anonymous_30)
FN:326,(anonymous_31)
FN:334,(anonymous_32)
FN:359,(anonymous_33)
FN:377,(anonymous_34)
FNF:35
FNH:0
FNDA:0,WebhooksPage
FNDA:0,(anonymous_1)
FNDA:0,(anonymous_2)
FNDA:0,(anonymous_3)
FNDA:0,(anonymous_4)
FNDA:0,(anonymous_5)
FNDA:0,(anonymous_6)
FNDA:0,(anonymous_7)
FNDA:0,(anonymous_8)
FNDA:0,(anonymous_9)
FNDA:0,(anonymous_10)
FNDA:0,(anonymous_11)
FNDA:0,(anonymous_12)
FNDA:0,(anonymous_13)
FNDA:0,(anonymous_14)
FNDA:0,(anonymous_15)
FNDA:0,(anonymous_16)
FNDA:0,(anonymous_17)
FNDA:0,(anonymous_18)
FNDA:0,(anonymous_19)
FNDA:0,(anonymous_20)
FNDA:0,(anonymous_21)
FNDA:0,(anonymous_22)
FNDA:0,(anonymous_23)
FNDA:0,(anonymous_24)
FNDA:0,(anonymous_25)
FNDA:0,(anonymous_26)
FNDA:0,(anonymous_27)
FNDA:0,(anonymous_28)
FNDA:0,(anonymous_29)
FNDA:0,(anonymous_30)
FNDA:0,(anonymous_31)
FNDA:0,(anonymous_32)
FNDA:0,(anonymous_33)
FNDA:0,(anonymous_34)
DA:8,0
DA:9,0
DA:10,0
DA:20,0
DA:21,0
DA:22,0
DA:23,0
DA:24,0
DA:25,0
DA:26,0
DA:27,0
DA:28,0
DA:29,0
DA:30,0
DA:31,0
DA:34,0
DA:35,0
DA:36,0
DA:38,0
DA:39,0
DA:40,0
DA:41,0
DA:43,0
DA:45,0
DA:49,0
DA:51,0
DA:52,0
DA:53,0
DA:54,0
DA:59,0
DA:60,0
DA:61,0
DA:62,0
DA:63,0
DA:65,0
DA:69,0
DA:70,0
DA:71,0
DA:72,0
DA:73,0
DA:74,0
DA:76,0
DA:80,0
DA:81,0
DA:82,0
DA:83,0
DA:84,0
DA:86,0
DA:88,0
DA:92,0
DA:93,0
DA:94,0
DA:95,0
DA:98,0
DA:99,0
DA:100,0
DA:101,0
DA:102,0
DA:104,0
DA:108,0
DA:109,0
DA:110,0
DA:111,0
DA:113,0
DA:115,0
DA:116,0
DA:117,0
DA:118,0
DA:119,0
DA:121,0
DA:124,0
DA:127,0
DA:128,0
DA:129,0
DA:131,0
DA:135,0
DA:141,0
DA:151,0
DA:174,0
DA:183,0
DA:187,0
DA:195,0
DA:197,0
DA:234,0
DA:244,0
DA:271,0
DA:281,0
DA:289,0
DA:298,0
DA:312,0
DA:314,0
DA:326,0
DA:335,0
DA:359,0
DA:378,0
LF:95
LH:0
BRDA:52,0,0,0
BRDA:52,0,1,0
BRDA:70,1,0,0
BRDA:70,1,1,0
BRDA:100,2,0,0
BRDA:100,2,1,0
BRDA:110,3,0,0
BRDA:110,3,1,0
BRDA:115,4,0,0
BRDA:115,4,1,0
BRDA:128,5,0,0
BRDA:128,5,1,0
BRDA:135,6,0,0
BRDA:135,6,1,0
BRDA:154,7,0,0
BRDA:154,7,1,0
BRDA:155,8,0,0
BRDA:155,8,1,0
BRDA:159,9,0,0
BRDA:159,9,1,0
BRDA:166,10,0,0
BRDA:166,10,1,0
BRDA:199,11,0,0
BRDA:199,11,1,0
BRDA:223,12,0,0
BRDA:223,12,1,0
BRDA:223,12,2,0
BRDA:241,13,0,0
BRDA:241,13,1,0
BRDA:250,14,0,0
BRDA:250,14,1,0
BRDA:252,15,0,0
BRDA:252,15,1,0
BRDA:253,16,0,0
BRDA:253,16,1,0
BRDA:254,17,0,0
BRDA:254,17,1,0
BRDA:262,18,0,0
BRDA:262,18,1,0
BRDA:276,19,0,0
BRDA:276,19,1,0
BRDA:279,20,0,0
BRDA:279,20,1,0
BRDA:308,21,0,0
BRDA:308,21,1,0
BRDA:316,22,0,0
BRDA:316,22,1,0
BRDA:337,23,0,0
BRDA:337,23,1,0
BRDA:346,24,0,0
BRDA:346,24,1,0
BRDA:348,25,0,0
BRDA:348,25,1,0
BRDA:350,26,0,0
BRDA:350,26,1,0
BRDA:363,27,0,0
BRDA:363,27,1,0
BRDA:364,28,0,0
BRDA:364,28,1,0
BRDA:368,29,0,0
BRDA:368,29,1,0
BRDA:370,30,0,0
BRDA:370,30,1,0
BRDA:374,31,0,0
BRDA:374,31,1,0
BRDA:374,32,0,0
BRDA:374,32,1,0
BRDA:381,33,0,0
BRDA:381,33,1,0
BRDA:388,34,0,0
BRDA:388,34,1,0
BRDA:390,35,0,0
BRDA:390,35,1,0
BRDA:394,36,0,0
BRDA:394,36,1,0
BRF:75
BRH:0
end_of_record
TN:
SF:src/stdb/add_checklist_item_reducer.ts
FNF:0
FNH:0
LF:0
LH:0
BRF:0
BRH:0
end_of_record
TN:
SF:src/stdb/add_comment_reducer.ts
FNF:0
FNH:0
LF:0
LH:0
BRF:0
BRH:0
end_of_record
TN:
SF:src/stdb/add_label_reducer.ts
FNF:0
FNH:0
LF:0
LH:0
BRF:0
BRH:0
end_of_record
TN:
SF:src/stdb/add_log_reducer.ts
FNF:0
FNH:0
LF:0
LH:0
BRF:0
BRH:0
end_of_record
TN:
SF:src/stdb/add_task_reducer.ts
FNF:0
FNH:0
LF:0
LH:0
BRF:0
BRH:0
end_of_record
TN:
SF:src/stdb/add_webhook_subscription_reducer.ts
FNF:0
FNH:0
LF:0
LH:0
BRF:0
BRH:0
end_of_record
TN:
SF:src/stdb/agent_heartbeat_reducer.ts
FNF:0
FNH:0
LF:0
LH:0
BRF:0
BRH:0
end_of_record
TN:
SF:src/stdb/assign_label_to_task_reducer.ts
FNF:0
FNH:0
LF:0
LH:0
BRF:0
BRH:0
end_of_record
TN:
SF:src/stdb/batch_assign_labels_reducer.ts
FNF:0
FNH:0
LF:0
LH:0
BRF:0
BRH:0
end_of_record
TN:
SF:src/stdb/batch_unassign_labels_reducer.ts
FNF:0
FNH:0
LF:0
LH:0
BRF:0
BRH:0
end_of_record
TN:
SF:src/stdb/block_task_reducer.ts
FNF:0
FNH:0
LF:0
LH:0
BRF:0
BRH:0
end_of_record
TN:
SF:src/stdb/bulk_reorder_tasks_reducer.ts
FNF:0
FNH:0
LF:0
LH:0
BRF:0
BRH:0
end_of_record
TN:
SF:src/stdb/claim_task_reducer.ts
FNF:0
FNH:0
LF:0
LH:0
BRF:0
BRH:0
end_of_record
TN:
SF:src/stdb/complete_task_reducer.ts
FNF:0
FNH:0
LF:0
LH:0
BRF:0
BRH:0
end_of_record
TN:
SF:src/stdb/delete_comment_reducer.ts
FNF:0
FNH:0
LF:0
LH:0
BRF:0
BRH:0
end_of_record
TN:
SF:src/stdb/delete_task_reducer.ts
FNF:0
FNH:0
LF:0
LH:0
BRF:0
BRH:0
end_of_record
TN:
SF:src/stdb/index.ts
FN:293,(anonymous_0)
FN:294,(anonymous_1)
FN:298,(anonymous_2)
FNF:3
FNH:0
FNDA:0,(anonymous_0)
FNDA:0,(anonymous_1)
FNDA:0,(anonymous_2)
DA:92,0
DA:206,0
DA:247,0
DA:251,0
DA:265,0
DA:268,0
DA:271,0
DA:293,0
DA:294,0
DA:298,0
DA:299,0
LF:11
LH:0
BRF:0
BRH:0
end_of_record
TN:
SF:src/stdb/issue_links_table.ts
FNF:0
FNH:0
LF:0
LH:0
BRF:0
BRH:0
end_of_record
TN:
SF:src/stdb/kanban_labels_table.ts
FNF:0
FNH:0
LF:0
LH:0
BRF:0
BRH:0
end_of_record
TN:
SF:src/stdb/link_issue_reducer.ts
FNF:0
FNH:0
LF:0
LH:0
BRF:0
BRH:0
end_of_record
TN:
SF:src/stdb/log_webhook_delivery_reducer.ts
FNF:0
FNH:0
LF:0
LH:0
BRF:0
BRH:0
end_of_record
TN:
SF:src/stdb/register_agent_reducer.ts
FNF:0
FNH:0
LF:0
LH:0
BRF:0
BRH:0
end_of_record
TN:
SF:src/stdb/remove_checklist_item_reducer.ts
FNF:0
FNH:0
LF:0
LH:0
BRF:0
BRH:0
end_of_record
TN:
SF:src/stdb/remove_label_reducer.ts
FNF:0
FNH:0
LF:0
LH:0
BRF:0
BRH:0
end_of_record
TN:
SF:src/stdb/remove_webhook_subscription_reducer.ts
FNF:0
FNH:0
LF:0
LH:0
BRF:0
BRH:0
end_of_record
TN:
SF:src/stdb/reorder_checklist_items_reducer.ts
FNF:0
FNH:0
LF:0
LH:0
BRF:0
BRH:0
end_of_record
TN:
SF:src/stdb/reorder_task_reducer.ts
FNF:0
FNH:0
LF:0
LH:0
BRF:0
BRH:0
end_of_record
TN:
SF:src/stdb/seed_sample_tasks_reducer.ts
FNF:0
FNH:0
LF:0
LH:0
BRF:0
BRH:0
end_of_record
TN:
SF:src/stdb/set_agent_capabilities_reducer.ts
FNF:0
FNH:0
LF:0
LH:0
BRF:0
BRH:0
end_of_record
TN:
SF:src/stdb/set_dependency_reducer.ts
FNF:0
FNH:0
LF:0
LH:0
BRF:0
BRH:0
end_of_record
TN:
SF:src/stdb/set_task_score_reducer.ts
FNF:0
FNH:0
LF:0
LH:0
BRF:0
BRH:0
end_of_record
TN:
SF:src/stdb/set_task_skills_reducer.ts
FNF:0
FNH:0
LF:0
LH:0
BRF:0
BRH:0
end_of_record
TN:
SF:src/stdb/swarm_agents_table.ts
FNF:0
FNH:0
LF:0
LH:0
BRF:0
BRH:0
end_of_record
TN:
SF:src/stdb/task_checklists_table.ts
FNF:0
FNH:0
LF:0
LH:0
BRF:0
BRH:0
end_of_record
TN:
SF:src/stdb/task_comments_table.ts
FNF:0
FNH:0
LF:0
LH:0
BRF:0
BRH:0
end_of_record
TN:
SF:src/stdb/task_label_assignments_table.ts
FNF:0
FNH:0
LF:0
LH:0
BRF:0
BRH:0
end_of_record
TN:
SF:src/stdb/task_logs_table.ts
FNF:0
FNH:0
LF:0
LH:0
BRF:0
BRH:0
end_of_record
TN:
SF:src/stdb/tasks_table.ts
FNF:0
FNH:0
LF:0
LH:0
BRF:0
BRH:0
end_of_record
TN:
SF:src/stdb/toggle_checklist_item_reducer.ts
FNF:0
FNH:0
LF:0
LH:0
BRF:0
BRH:0
end_of_record
TN:
SF:src/stdb/types.ts
FNF:0
FNH:0
DA:13,0
DA:24,0
DA:33,0
DA:45,0
DA:70,0
DA:80,0
DA:89,0
DA:96,0
DA:106,0
DA:118,0
LF:10
LH:0
BRF:0
BRH:0
end_of_record
TN:
SF:src/stdb/unassign_label_from_task_reducer.ts
FNF:0
FNH:0
LF:0
LH:0
BRF:0
BRH:0
end_of_record
TN:
SF:src/stdb/unclaim_task_reducer.ts
FNF:0
FNH:0
LF:0
LH:0
BRF:0
BRH:0
end_of_record
TN:
SF:src/stdb/unlink_issue_reducer.ts
FNF:0
FNH:0
LF:0
LH:0
BRF:0
BRH:0
end_of_record
TN:
SF:src/stdb/update_issue_link_status_reducer.ts
FNF:0
FNH:0
LF:0
LH:0
BRF:0
BRH:0
end_of_record
TN:
SF:src/stdb/update_label_reducer.ts
FNF:0
FNH:0
LF:0
LH:0
BRF:0
BRH:0
end_of_record
TN:
SF:src/stdb/update_task_reducer.ts
FNF:0
FNH:0
LF:0
LH:0
BRF:0
BRH:0
end_of_record
TN:
SF:src/stdb/update_webhook_subscription_reducer.ts
FNF:0
FNH:0
LF:0
LH:0
BRF:0
BRH:0
end_of_record
TN:
SF:src/stdb/webhook_deliveries_table.ts
FNF:0
FNH:0
LF:0
LH:0
BRF:0
BRH:0
end_of_record
TN:
SF:src/stdb/webhook_subscriptions_table.ts
FNF:0
FNH:0
LF:0
LH:0
BRF:0
BRH:0
end_of_record
